<?xml version="1.0" encoding="UTF-8"?>
<testsuite xmlns:xsi="http://www.w3.org/2001/XMLSchema-instance" xsi:noNamespaceSchemaLocation="https://maven.apache.org/surefire/maven-surefire-plugin/xsd/surefire-test-report.xsd" version="3.0.2" name="com.booking.BookingApplicationTests" time="26.792" tests="1" errors="0" skipped="0" failures="0">
  <properties>
[...]
</properties>
  <testcase name="contextLoads" classname="com.booking.BookingApplicationTests" time="1.176">
    <system-out><![CDATA[18:02:34.697 [main] INFO org.springframework.test.context.support.AnnotationConfigContextLoaderUtils -- Could not detect default configuration classes for test class [com.booking.BookingApplicationTests]: BookingApplicationTests does not declare any static, non-private, non-final, nested classes annotated with @Configuration.
18:02:35.008 [main] INFO org.springframework.boot.test.context.SpringBootTestContextBootstrapper -- Found @SpringBootConfiguration com.booking.BookingApplication for test class com.booking.BookingApplicationTests
18:02:35.560 [main] INFO org.springframework.boot.devtools.restart.RestartApplicationListener -- Restart disabled due to context in which it is running

  .   ____          _            __ _ _
 /\\ / ___'_ __ _ _(_)_ __  __ _ \ \ \ \
( ( )\___ | '_ | '_| | '_ \/ _` | \ \ \ \
 \\/  ___)| |_)| | | | | || (_| |  ) ) ) )
  '  |____| .__|_| |_|_| |_\__, | / / / /
 =========|_|==============|___/=/_/_/_/

 :: Spring Boot ::                (v3.4.2)

2025-02-16T18:02:37.079+03:00  INFO 12012 --- [booking] [           main] com.booking.BookingApplicationTests      : Starting BookingApplicationTests using Java 17.0.5 with PID 12012 (started by Dmitriy99 in F:\GitHub\Java\bookingservice)
2025-02-16T18:02:37.082+03:00  INFO 12012 --- [booking] [           main] com.booking.BookingApplicationTests      : The following 1 profile is active: "H2"
2025-02-16T18:02:40.303+03:00  INFO 12012 --- [booking] [           main] .s.d.r.c.RepositoryConfigurationDelegate : Bootstrapping Spring Data JPA repositories in DEFAULT mode.
2025-02-16T18:02:40.871+03:00  INFO 12012 --- [booking] [           main] .s.d.r.c.RepositoryConfigurationDelegate : Finished Spring Data repository scanning in 497 ms. Found 7 JPA repository interfaces.
2025-02-16T18:02:47.353+03:00  INFO 12012 --- [booking] [           main] com.zaxxer.hikari.HikariDataSource       : HikariPool-1 - Starting...
2025-02-16T18:02:48.094+03:00  INFO 12012 --- [booking] [           main] com.zaxxer.hikari.pool.HikariPool        : HikariPool-1 - Added connection conn0: url=jdbc:h2:mem:testdb user=SA
2025-02-16T18:02:48.097+03:00  INFO 12012 --- [booking] [           main] com.zaxxer.hikari.HikariDataSource       : HikariPool-1 - Start completed.
2025-02-16T18:02:48.326+03:00  INFO 12012 --- [booking] [           main] liquibase.database                       : Set default schema name to PUBLIC
2025-02-16T18:02:49.733+03:00  INFO 12012 --- [booking] [           main] liquibase.changelog                      : Creating database history table with name: PUBLIC.DATABASECHANGELOG
2025-02-16T18:02:49.993+03:00  INFO 12012 --- [booking] [           main] liquibase.changelog                      : Reading from PUBLIC.DATABASECHANGELOG
2025-02-16T18:02:50.300+03:00  INFO 12012 --- [booking] [           main] liquibase.lockservice                    : Successfully acquired change log lock
2025-02-16T18:02:50.303+03:00  INFO 12012 --- [booking] [           main] liquibase.command                        : Using deploymentId: 9718170302
2025-02-16T18:02:50.307+03:00  INFO 12012 --- [booking] [           main] liquibase.changelog                      : Reading from PUBLIC.DATABASECHANGELOG
2025-02-16T18:02:50.500+03:00  INFO 12012 --- [booking] [           main] liquibase.ui                             : Running Changeset: db/changelog/changeset/0001-create-sequences.yaml::0001-create-sequences::DimSelyutin
2025-02-16T18:02:50.517+03:00  INFO 12012 --- [booking] [           main] liquibase.changelog                      : Sequence hotel_sequence created
2025-02-16T18:02:50.520+03:00  INFO 12012 --- [booking] [           main] liquibase.changelog                      : Sequence address_sequence created
2025-02-16T18:02:50.523+03:00  INFO 12012 --- [booking] [           main] liquibase.changelog                      : Sequence street_sequence created
2025-02-16T18:02:50.524+03:00  INFO 12012 --- [booking] [           main] liquibase.changelog                      : Sequence city_sequence created
2025-02-16T18:02:50.530+03:00  INFO 12012 --- [booking] [           main] liquibase.changelog                      : Sequence country_sequence created
2025-02-16T18:02:50.536+03:00  INFO 12012 --- [booking] [           main] liquibase.changelog                      : Sequence contact_sequence created
2025-02-16T18:02:50.538+03:00  INFO 12012 --- [booking] [           main] liquibase.changelog                      : Sequence arrival_sequence created
2025-02-16T18:02:50.538+03:00  INFO 12012 --- [booking] [           main] liquibase.changelog                      : Sequence amenities_sequence created
2025-02-16T18:02:50.539+03:00  INFO 12012 --- [booking] [           main] liquibase.changelog                      : ChangeSet db/changelog/changeset/0001-create-sequences.yaml::0001-create-sequences::DimSelyutin ran successfully in 37ms
2025-02-16T18:02:50.582+03:00  INFO 12012 --- [booking] [           main] liquibase.ui                             : Running Changeset: db/changelog/changeset/001-create-hotels-table.yaml::001-create-hotels-table::DimSelyutin
2025-02-16T18:02:50.613+03:00  INFO 12012 --- [booking] [           main] liquibase.changelog                      : Table hotels created
2025-02-16T18:02:50.614+03:00  INFO 12012 --- [booking] [           main] liquibase.changelog                      : ChangeSet db/changelog/changeset/001-create-hotels-table.yaml::001-create-hotels-table::DimSelyutin ran successfully in 31ms
2025-02-16T18:02:50.634+03:00  INFO 12012 --- [booking] [           main] liquibase.ui                             : Running Changeset: db/changelog/changeset/002-create-countries-table.yaml::002-create-countries-table::DimSelyutin
2025-02-16T18:02:50.645+03:00  INFO 12012 --- [booking] [           main] liquibase.changelog                      : Table countries created
2025-02-16T18:02:50.647+03:00  INFO 12012 --- [booking] [           main] liquibase.changelog                      : ChangeSet db/changelog/changeset/002-create-countries-table.yaml::002-create-countries-table::DimSelyutin ran successfully in 11ms
2025-02-16T18:02:50.655+03:00  INFO 12012 --- [booking] [           main] liquibase.ui                             : Running Changeset: db/changelog/changeset/003-create-cities-table.yaml::003-create-cities-table::DimSelyutin
2025-02-16T18:02:50.670+03:00  INFO 12012 --- [booking] [           main] liquibase.changelog                      : Table cities created
2025-02-16T18:02:50.672+03:00  INFO 12012 --- [booking] [           main] liquibase.changelog                      : ChangeSet db/changelog/changeset/003-create-cities-table.yaml::003-create-cities-table::DimSelyutin ran successfully in 16ms
2025-02-16T18:02:50.689+03:00  INFO 12012 --- [booking] [           main] liquibase.ui                             : Running Changeset: db/changelog/changeset/004-create-streets-table.yaml::004-create-streets-table::DimSelyutin
2025-02-16T18:02:50.702+03:00  INFO 12012 --- [booking] [           main] liquibase.changelog                      : Table streets created
2025-02-16T18:02:50.702+03:00  INFO 12012 --- [booking] [           main] liquibase.changelog                      : ChangeSet db/changelog/changeset/004-create-streets-table.yaml::004-create-streets-table::DimSelyutin ran successfully in 11ms
2025-02-16T18:02:50.706+03:00  INFO 12012 --- [booking] [           main] liquibase.ui                             : Running Changeset: db/changelog/changeset/005-create-addresses-table.yaml::005-create-addresses-table::DimSelyutin
2025-02-16T18:02:50.717+03:00  INFO 12012 --- [booking] [           main] liquibase.changelog                      : Table addresses created
2025-02-16T18:02:50.718+03:00  INFO 12012 --- [booking] [           main] liquibase.changelog                      : ChangeSet db/changelog/changeset/005-create-addresses-table.yaml::005-create-addresses-table::DimSelyutin ran successfully in 11ms
2025-02-16T18:02:50.725+03:00  INFO 12012 --- [booking] [           main] liquibase.ui                             : Running Changeset: db/changelog/changeset/006-create-contacts-table.yaml::003-create-contacts-table::DimSelyutin
2025-02-16T18:02:50.732+03:00  INFO 12012 --- [booking] [           main] liquibase.changelog                      : Table contacts created
2025-02-16T18:02:50.733+03:00  INFO 12012 --- [booking] [           main] liquibase.changelog                      : ChangeSet db/changelog/changeset/006-create-contacts-table.yaml::003-create-contacts-table::DimSelyutin ran successfully in 8ms
2025-02-16T18:02:50.765+03:00  INFO 12012 --- [booking] [           main] liquibase.ui                             : Running Changeset: db/changelog/changeset/007-create-arrival_times-table.yaml::004-create-arrival_times-table::DimSelyutin
2025-02-16T18:02:50.770+03:00  INFO 12012 --- [booking] [           main] liquibase.changelog                      : Table arrival_times created
2025-02-16T18:02:50.771+03:00  INFO 12012 --- [booking] [           main] liquibase.changelog                      : ChangeSet db/changelog/changeset/007-create-arrival_times-table.yaml::004-create-arrival_times-table::DimSelyutin ran successfully in 4ms
2025-02-16T18:02:50.776+03:00  INFO 12012 --- [booking] [           main] liquibase.ui                             : Running Changeset: db/changelog/changeset/008-create-amenities-table.yaml::006-create-amenities-table::DimSelyutin
2025-02-16T18:02:50.786+03:00  INFO 12012 --- [booking] [           main] liquibase.changelog                      : Table amenities created
2025-02-16T18:02:50.787+03:00  INFO 12012 --- [booking] [           main] liquibase.changelog                      : ChangeSet db/changelog/changeset/008-create-amenities-table.yaml::006-create-amenities-table::DimSelyutin ran successfully in 11ms
2025-02-16T18:02:50.799+03:00  INFO 12012 --- [booking] [           main] liquibase.ui                             : Running Changeset: db/changelog/changeset/009-create-hotel-amenities-table.yaml::006-create-hotel-amenities-table::DimSelyutin
2025-02-16T18:02:50.803+03:00  INFO 12012 --- [booking] [           main] liquibase.changelog                      : Table hotel_amenities created
2025-02-16T18:02:50.804+03:00  INFO 12012 --- [booking] [           main] liquibase.changelog                      : ChangeSet db/changelog/changeset/009-create-hotel-amenities-table.yaml::006-create-hotel-amenities-table::DimSelyutin ran successfully in 5ms
2025-02-16T18:02:50.839+03:00  INFO 12012 --- [booking] [           main] liquibase.ui                             : Running Changeset: db/changelog/changeset/010-add-foreign-key-constraints.yaml::005-add-foreign-key-constraints::DimSelyutin
2025-02-16T18:02:50.860+03:00  INFO 12012 --- [booking] [           main] liquibase.changelog                      : Foreign key constraint added to cities (country_id)
2025-02-16T18:02:50.867+03:00  INFO 12012 --- [booking] [           main] liquibase.changelog                      : Foreign key constraint added to streets (city_id)
2025-02-16T18:02:50.872+03:00  INFO 12012 --- [booking] [           main] liquibase.changelog                      : Foreign key constraint added to addresses (street_id)
2025-02-16T18:02:50.883+03:00  INFO 12012 --- [booking] [           main] liquibase.changelog                      : Foreign key constraint added to hotels (address_id)
2025-02-16T18:02:50.887+03:00  INFO 12012 --- [booking] [           main] liquibase.changelog                      : Foreign key constraint added to hotels (contact_id)
2025-02-16T18:02:50.898+03:00  INFO 12012 --- [booking] [           main] liquibase.changelog                      : Foreign key constraint added to hotels (arrival_time_id)
2025-02-16T18:02:50.905+03:00  INFO 12012 --- [booking] [           main] liquibase.changelog                      : Foreign key constraint added to hotel_amenities (hotel_id)
2025-02-16T18:02:50.914+03:00  INFO 12012 --- [booking] [           main] liquibase.changelog                      : Foreign key constraint added to hotel_amenities (amenity_id)
2025-02-16T18:02:50.917+03:00  INFO 12012 --- [booking] [           main] liquibase.changelog                      : ChangeSet db/changelog/changeset/010-add-foreign-key-constraints.yaml::005-add-foreign-key-constraints::DimSelyutin ran successfully in 77ms
2025-02-16T18:02:50.944+03:00  INFO 12012 --- [booking] [           main] liquibase.util                           : UPDATE SUMMARY
2025-02-16T18:02:50.946+03:00  INFO 12012 --- [booking] [           main] liquibase.util                           : Run:                         11
2025-02-16T18:02:50.947+03:00  INFO 12012 --- [booking] [           main] liquibase.util                           : Previously run:               0
2025-02-16T18:02:50.947+03:00  INFO 12012 --- [booking] [           main] liquibase.util                           : Filtered out:                 0
2025-02-16T18:02:50.947+03:00  INFO 12012 --- [booking] [           main] liquibase.util                           : -------------------------------
2025-02-16T18:02:50.948+03:00  INFO 12012 --- [booking] [           main] liquibase.util                           : Total change sets:           11
2025-02-16T18:02:50.949+03:00  INFO 12012 --- [booking] [           main] liquibase.util                           : Update summary generated
2025-02-16T18:02:50.954+03:00  INFO 12012 --- [booking] [           main] liquibase.command                        : Update command completed successfully.
2025-02-16T18:02:50.955+03:00  INFO 12012 --- [booking] [           main] liquibase.ui                             : Liquibase: Update has been successful. Rows affected: 11
2025-02-16T18:02:50.958+03:00  INFO 12012 --- [booking] [           main] liquibase.lockservice                    : Successfully released change log lock
2025-02-16T18:02:50.961+03:00  INFO 12012 --- [booking] [           main] liquibase.command                        : Command execution complete
2025-02-16T18:02:51.391+03:00  INFO 12012 --- [booking] [           main] o.hibernate.jpa.internal.util.LogHelper  : HHH000204: Processing PersistenceUnitInfo [name: default]
2025-02-16T18:02:51.591+03:00  INFO 12012 --- [booking] [           main] org.hibernate.Version                    : HHH000412: Hibernate ORM core version 6.6.5.Final
2025-02-16T18:02:51.693+03:00  INFO 12012 --- [booking] [           main] o.h.c.internal.RegionFactoryInitiator    : HHH000026: Second-level cache disabled
2025-02-16T18:02:52.299+03:00  INFO 12012 --- [booking] [           main] o.s.o.j.p.SpringPersistenceUnitInfo      : No LoadTimeWeaver setup: ignoring JPA class transformer
2025-02-16T18:02:52.399+03:00  WARN 12012 --- [booking] [           main] org.hibernate.orm.deprecation            : HHH90000025: H2Dialect does not need to be specified explicitly using 'hibernate.dialect' (remove the property setting and it will be selected by default)
2025-02-16T18:02:52.431+03:00  INFO 12012 --- [booking] [           main] org.hibernate.orm.connections.pooling    : HHH10001005: Database info:
	Database JDBC URL [Connecting through datasource 'HikariDataSource (HikariPool-1)']
	Database driver: undefined/unknown
	Database version: 2.3.232
	Autocommit mode: undefined/unknown
	Isolation level: undefined/unknown
	Minimum pool size: undefined/unknown
	Maximum pool size: undefined/unknown
2025-02-16T18:02:54.207+03:00  INFO 12012 --- [booking] [           main] o.h.e.t.j.p.i.JtaPlatformInitiator       : HHH000489: No JTA platform available (set 'hibernate.transaction.jta.platform' to enable JTA platform integration)
2025-02-16T18:02:54.213+03:00  INFO 12012 --- [booking] [           main] j.LocalContainerEntityManagerFactoryBean : Initialized JPA EntityManagerFactory for persistence unit 'default'
2025-02-16T18:02:54.838+03:00  INFO 12012 --- [booking] [           main] o.s.d.j.r.query.QueryEnhancerFactory     : Hibernate is in classpath; If applicable, HQL parser will be used.
2025-02-16T18:02:57.248+03:00  WARN 12012 --- [booking] [           main] JpaBaseConfiguration$JpaWebConfiguration : spring.jpa.open-in-view is enabled by default. Therefore, database queries may be performed during view rendering. Explicitly configure spring.jpa.open-in-view to disable this warning
2025-02-16T18:02:57.375+03:00  INFO 12012 --- [booking] [           main] o.s.v.b.OptionalValidatorFactoryBean     : Failed to set up a Bean Validation provider: jakarta.validation.NoProviderFoundException: Unable to create a Configuration, because no Jakarta Validation provider could be found. Add a provider like Hibernate Validator (RI) to your classpath.
2025-02-16T18:02:59.452+03:00  INFO 12012 --- [booking] [           main] o.s.b.a.h2.H2ConsoleAutoConfiguration    : H2 console available at '/h2-console'. Database available at 'jdbc:h2:mem:testdb'
2025-02-16T18:02:59.544+03:00  INFO 12012 --- [booking] [           main] o.s.b.a.e.web.EndpointLinksResolver      : Exposing 2 endpoints beneath base path '/actuator'
2025-02-16T18:02:59.753+03:00  INFO 12012 --- [booking] [           main] com.booking.BookingApplicationTests      : Started BookingApplicationTests in 24.214 seconds (process running for 26.738)
]]></system-out>
  </testcase>
</testsuite>