<?xml version="1.0" encoding="UTF-8"?>
<testsuite xmlns:xsi="http://www.w3.org/2001/XMLSchema-instance" xsi:noNamespaceSchemaLocation="https://maven.apache.org/surefire/maven-surefire-plugin/xsd/surefire-test-report.xsd" version="3.0.2" name="com.booking.BookingApplicationTests" time="20.817" tests="1" errors="0" skipped="0" failures="0">
  <properties>
[...]
</properties>
  <testcase name="contextLoads" classname="com.booking.BookingApplicationTests" time="1.003">
    <system-out><![CDATA[21:39:14.765 [main] INFO org.springframework.test.context.support.AnnotationConfigContextLoaderUtils -- Could not detect default configuration classes for test class [com.booking.BookingApplicationTests]: BookingApplicationTests does not declare any static, non-private, non-final, nested classes annotated with @Configuration.
21:39:14.985 [main] INFO org.springframework.boot.test.context.SpringBootTestContextBootstrapper -- Found @SpringBootConfiguration com.booking.BookingApplication for test class com.booking.BookingApplicationTests
21:39:15.372 [main] INFO org.springframework.boot.devtools.restart.RestartApplicationListener -- Restart disabled due to context in which it is running

  .   ____          _            __ _ _
 /\\ / ___'_ __ _ _(_)_ __  __ _ \ \ \ \
( ( )\___ | '_ | '_| | '_ \/ _` | \ \ \ \
 \\/  ___)| |_)| | | | | || (_| |  ) ) ) )
  '  |____| .__|_| |_|_| |_\__, | / / / /
 =========|_|==============|___/=/_/_/_/

 :: Spring Boot ::                (v3.4.2)

2025-02-18T21:39:16.023+03:00  INFO 7312 --- [booking] [           main] com.booking.BookingApplicationTests      : Starting BookingApplicationTests using Java 17.0.5 with PID 7312 (started by Dmitriy99 in F:\GitHub\Java\bookingservice)
2025-02-18T21:39:16.027+03:00  INFO 7312 --- [booking] [           main] com.booking.BookingApplicationTests      : The following 1 profile is active: "H2"
2025-02-18T21:39:18.671+03:00  INFO 7312 --- [booking] [           main] .s.d.r.c.RepositoryConfigurationDelegate : Bootstrapping Spring Data JPA repositories in DEFAULT mode.
2025-02-18T21:39:18.849+03:00  INFO 7312 --- [booking] [           main] .s.d.r.c.RepositoryConfigurationDelegate : Finished Spring Data repository scanning in 159 ms. Found 7 JPA repository interfaces.
2025-02-18T21:39:20.513+03:00  INFO 7312 --- [booking] [           main] com.zaxxer.hikari.HikariDataSource       : HikariPool-1 - Starting...
2025-02-18T21:39:20.884+03:00  INFO 7312 --- [booking] [           main] com.zaxxer.hikari.pool.HikariPool        : HikariPool-1 - Added connection conn0: url=jdbc:h2:mem:testdb user=SA
2025-02-18T21:39:20.888+03:00  INFO 7312 --- [booking] [           main] com.zaxxer.hikari.HikariDataSource       : HikariPool-1 - Start completed.
2025-02-18T21:39:21.066+03:00  INFO 7312 --- [booking] [           main] liquibase.database                       : Set default schema name to PUBLIC
2025-02-18T21:39:21.849+03:00  INFO 7312 --- [booking] [           main] liquibase.changelog                      : Creating database history table with name: PUBLIC.DATABASECHANGELOG
2025-02-18T21:39:22.081+03:00  INFO 7312 --- [booking] [           main] liquibase.changelog                      : Reading from PUBLIC.DATABASECHANGELOG
2025-02-18T21:39:22.459+03:00  INFO 7312 --- [booking] [           main] liquibase.lockservice                    : Successfully acquired change log lock
2025-02-18T21:39:22.463+03:00  INFO 7312 --- [booking] [           main] liquibase.command                        : Using deploymentId: 9903962461
2025-02-18T21:39:22.470+03:00  INFO 7312 --- [booking] [           main] liquibase.changelog                      : Reading from PUBLIC.DATABASECHANGELOG
2025-02-18T21:39:22.669+03:00  INFO 7312 --- [booking] [           main] liquibase.ui                             : Running Changeset: db/changelog/changeset/0001-create-sequences.yaml::0001-create-sequences::DimSelyutin
2025-02-18T21:39:22.692+03:00  INFO 7312 --- [booking] [           main] liquibase.changelog                      : Sequence hotel_sequence created
2025-02-18T21:39:22.694+03:00  INFO 7312 --- [booking] [           main] liquibase.changelog                      : Sequence address_sequence created
2025-02-18T21:39:22.696+03:00  INFO 7312 --- [booking] [           main] liquibase.changelog                      : Sequence street_sequence created
2025-02-18T21:39:22.698+03:00  INFO 7312 --- [booking] [           main] liquibase.changelog                      : Sequence city_sequence created
2025-02-18T21:39:22.699+03:00  INFO 7312 --- [booking] [           main] liquibase.changelog                      : Sequence country_sequence created
2025-02-18T21:39:22.701+03:00  INFO 7312 --- [booking] [           main] liquibase.changelog                      : Sequence contact_sequence created
2025-02-18T21:39:22.703+03:00  INFO 7312 --- [booking] [           main] liquibase.changelog                      : Sequence arrival_sequence created
2025-02-18T21:39:22.704+03:00  INFO 7312 --- [booking] [           main] liquibase.changelog                      : Sequence amenities_sequence created
2025-02-18T21:39:22.704+03:00  INFO 7312 --- [booking] [           main] liquibase.changelog                      : ChangeSet db/changelog/changeset/0001-create-sequences.yaml::0001-create-sequences::DimSelyutin ran successfully in 33ms
2025-02-18T21:39:22.723+03:00  INFO 7312 --- [booking] [           main] liquibase.ui                             : Running Changeset: db/changelog/changeset/001-create-hotels-table.yaml::001-create-hotels-table::DimSelyutin
2025-02-18T21:39:22.732+03:00  INFO 7312 --- [booking] [           main] liquibase.changelog                      : Table hotels created
2025-02-18T21:39:22.732+03:00  INFO 7312 --- [booking] [           main] liquibase.changelog                      : ChangeSet db/changelog/changeset/001-create-hotels-table.yaml::001-create-hotels-table::DimSelyutin ran successfully in 8ms
2025-02-18T21:39:22.739+03:00  INFO 7312 --- [booking] [           main] liquibase.ui                             : Running Changeset: db/changelog/changeset/002-create-countries-table.yaml::002-create-countries-table::DimSelyutin
2025-02-18T21:39:22.747+03:00  INFO 7312 --- [booking] [           main] liquibase.changelog                      : Table countries created
2025-02-18T21:39:22.748+03:00  INFO 7312 --- [booking] [           main] liquibase.changelog                      : ChangeSet db/changelog/changeset/002-create-countries-table.yaml::002-create-countries-table::DimSelyutin ran successfully in 7ms
2025-02-18T21:39:22.754+03:00  INFO 7312 --- [booking] [           main] liquibase.ui                             : Running Changeset: db/changelog/changeset/003-create-cities-table.yaml::003-create-cities-table::DimSelyutin
2025-02-18T21:39:22.760+03:00  INFO 7312 --- [booking] [           main] liquibase.changelog                      : Table cities created
2025-02-18T21:39:22.761+03:00  INFO 7312 --- [booking] [           main] liquibase.changelog                      : ChangeSet db/changelog/changeset/003-create-cities-table.yaml::003-create-cities-table::DimSelyutin ran successfully in 6ms
2025-02-18T21:39:22.766+03:00  INFO 7312 --- [booking] [           main] liquibase.ui                             : Running Changeset: db/changelog/changeset/004-create-streets-table.yaml::004-create-streets-table::DimSelyutin
2025-02-18T21:39:22.771+03:00  INFO 7312 --- [booking] [           main] liquibase.changelog                      : Table streets created
2025-02-18T21:39:22.772+03:00  INFO 7312 --- [booking] [           main] liquibase.changelog                      : ChangeSet db/changelog/changeset/004-create-streets-table.yaml::004-create-streets-table::DimSelyutin ran successfully in 4ms
2025-02-18T21:39:22.798+03:00  INFO 7312 --- [booking] [           main] liquibase.ui                             : Running Changeset: db/changelog/changeset/005-create-addresses-table.yaml::005-create-addresses-table::DimSelyutin
2025-02-18T21:39:22.813+03:00  INFO 7312 --- [booking] [           main] liquibase.changelog                      : Table addresses created
2025-02-18T21:39:22.815+03:00  INFO 7312 --- [booking] [           main] liquibase.changelog                      : ChangeSet db/changelog/changeset/005-create-addresses-table.yaml::005-create-addresses-table::DimSelyutin ran successfully in 13ms
2025-02-18T21:39:22.826+03:00  INFO 7312 --- [booking] [           main] liquibase.ui                             : Running Changeset: db/changelog/changeset/006-create-contacts-table.yaml::003-create-contacts-table::DimSelyutin
2025-02-18T21:39:22.832+03:00  INFO 7312 --- [booking] [           main] liquibase.changelog                      : Table contacts created
2025-02-18T21:39:22.833+03:00  INFO 7312 --- [booking] [           main] liquibase.changelog                      : ChangeSet db/changelog/changeset/006-create-contacts-table.yaml::003-create-contacts-table::DimSelyutin ran successfully in 5ms
2025-02-18T21:39:22.873+03:00  INFO 7312 --- [booking] [           main] liquibase.ui                             : Running Changeset: db/changelog/changeset/007-create-arrival_times-table.yaml::004-create-arrival_times-table::DimSelyutin
2025-02-18T21:39:22.899+03:00  INFO 7312 --- [booking] [           main] liquibase.changelog                      : Table arrival_times created
2025-02-18T21:39:22.903+03:00  INFO 7312 --- [booking] [           main] liquibase.changelog                      : ChangeSet db/changelog/changeset/007-create-arrival_times-table.yaml::004-create-arrival_times-table::DimSelyutin ran successfully in 28ms
2025-02-18T21:39:22.912+03:00  INFO 7312 --- [booking] [           main] liquibase.ui                             : Running Changeset: db/changelog/changeset/008-create-amenities-table.yaml::006-create-amenities-table::DimSelyutin
2025-02-18T21:39:22.922+03:00  INFO 7312 --- [booking] [           main] liquibase.changelog                      : Table amenities created
2025-02-18T21:39:22.922+03:00  INFO 7312 --- [booking] [           main] liquibase.changelog                      : ChangeSet db/changelog/changeset/008-create-amenities-table.yaml::006-create-amenities-table::DimSelyutin ran successfully in 9ms
2025-02-18T21:39:22.944+03:00  INFO 7312 --- [booking] [           main] liquibase.ui                             : Running Changeset: db/changelog/changeset/009-create-hotel-amenities-table.yaml::006-create-hotel-amenities-table::DimSelyutin
2025-02-18T21:39:22.950+03:00  INFO 7312 --- [booking] [           main] liquibase.changelog                      : Table hotel_amenities created
2025-02-18T21:39:22.951+03:00  INFO 7312 --- [booking] [           main] liquibase.changelog                      : ChangeSet db/changelog/changeset/009-create-hotel-amenities-table.yaml::006-create-hotel-amenities-table::DimSelyutin ran successfully in 4ms
2025-02-18T21:39:22.957+03:00  INFO 7312 --- [booking] [           main] liquibase.ui                             : Running Changeset: db/changelog/changeset/010-add-foreign-key-constraints.yaml::005-add-foreign-key-constraints::DimSelyutin
2025-02-18T21:39:22.969+03:00  INFO 7312 --- [booking] [           main] liquibase.changelog                      : Foreign key constraint added to cities (country_id)
2025-02-18T21:39:22.975+03:00  INFO 7312 --- [booking] [           main] liquibase.changelog                      : Foreign key constraint added to streets (city_id)
2025-02-18T21:39:22.979+03:00  INFO 7312 --- [booking] [           main] liquibase.changelog                      : Foreign key constraint added to addresses (street_id)
2025-02-18T21:39:22.986+03:00  INFO 7312 --- [booking] [           main] liquibase.changelog                      : Foreign key constraint added to hotels (address_id)
2025-02-18T21:39:22.992+03:00  INFO 7312 --- [booking] [           main] liquibase.changelog                      : Foreign key constraint added to hotels (contact_id)
2025-02-18T21:39:22.997+03:00  INFO 7312 --- [booking] [           main] liquibase.changelog                      : Foreign key constraint added to hotels (arrival_time_id)
2025-02-18T21:39:23.003+03:00  INFO 7312 --- [booking] [           main] liquibase.changelog                      : Foreign key constraint added to hotel_amenities (hotel_id)
2025-02-18T21:39:23.007+03:00  INFO 7312 --- [booking] [           main] liquibase.changelog                      : Foreign key constraint added to hotel_amenities (amenity_id)
2025-02-18T21:39:23.010+03:00  INFO 7312 --- [booking] [           main] liquibase.changelog                      : ChangeSet db/changelog/changeset/010-add-foreign-key-constraints.yaml::005-add-foreign-key-constraints::DimSelyutin ran successfully in 50ms
2025-02-18T21:39:23.046+03:00  INFO 7312 --- [booking] [           main] liquibase.util                           : UPDATE SUMMARY
2025-02-18T21:39:23.047+03:00  INFO 7312 --- [booking] [           main] liquibase.util                           : Run:                         11
2025-02-18T21:39:23.047+03:00  INFO 7312 --- [booking] [           main] liquibase.util                           : Previously run:               0
2025-02-18T21:39:23.047+03:00  INFO 7312 --- [booking] [           main] liquibase.util                           : Filtered out:                 0
2025-02-18T21:39:23.048+03:00  INFO 7312 --- [booking] [           main] liquibase.util                           : -------------------------------
2025-02-18T21:39:23.048+03:00  INFO 7312 --- [booking] [           main] liquibase.util                           : Total change sets:           11
2025-02-18T21:39:23.051+03:00  INFO 7312 --- [booking] [           main] liquibase.util                           : Update summary generated
2025-02-18T21:39:23.064+03:00  INFO 7312 --- [booking] [           main] liquibase.command                        : Update command completed successfully.
2025-02-18T21:39:23.065+03:00  INFO 7312 --- [booking] [           main] liquibase.ui                             : Liquibase: Update has been successful. Rows affected: 11
2025-02-18T21:39:23.069+03:00  INFO 7312 --- [booking] [           main] liquibase.lockservice                    : Successfully released change log lock
2025-02-18T21:39:23.075+03:00  INFO 7312 --- [booking] [           main] liquibase.command                        : Command execution complete
2025-02-18T21:39:23.712+03:00  INFO 7312 --- [booking] [           main] o.hibernate.jpa.internal.util.LogHelper  : HHH000204: Processing PersistenceUnitInfo [name: default]
2025-02-18T21:39:23.991+03:00  INFO 7312 --- [booking] [           main] org.hibernate.Version                    : HHH000412: Hibernate ORM core version 6.6.5.Final
2025-02-18T21:39:24.166+03:00  INFO 7312 --- [booking] [           main] o.h.c.internal.RegionFactoryInitiator    : HHH000026: Second-level cache disabled
2025-02-18T21:39:24.803+03:00  INFO 7312 --- [booking] [           main] o.s.o.j.p.SpringPersistenceUnitInfo      : No LoadTimeWeaver setup: ignoring JPA class transformer
2025-02-18T21:39:24.907+03:00  WARN 7312 --- [booking] [           main] org.hibernate.orm.deprecation            : HHH90000025: H2Dialect does not need to be specified explicitly using 'hibernate.dialect' (remove the property setting and it will be selected by default)
2025-02-18T21:39:24.944+03:00  INFO 7312 --- [booking] [           main] org.hibernate.orm.connections.pooling    : HHH10001005: Database info:
	Database JDBC URL [Connecting through datasource 'HikariDataSource (HikariPool-1)']
	Database driver: undefined/unknown
	Database version: 2.3.232
	Autocommit mode: undefined/unknown
	Isolation level: undefined/unknown
	Minimum pool size: undefined/unknown
	Maximum pool size: undefined/unknown
2025-02-18T21:39:27.288+03:00  INFO 7312 --- [booking] [           main] o.h.e.t.j.p.i.JtaPlatformInitiator       : HHH000489: No JTA platform available (set 'hibernate.transaction.jta.platform' to enable JTA platform integration)
2025-02-18T21:39:27.297+03:00  INFO 7312 --- [booking] [           main] j.LocalContainerEntityManagerFactoryBean : Initialized JPA EntityManagerFactory for persistence unit 'default'
2025-02-18T21:39:28.207+03:00  INFO 7312 --- [booking] [           main] o.s.d.j.r.query.QueryEnhancerFactory     : Hibernate is in classpath; If applicable, HQL parser will be used.
2025-02-18T21:39:31.452+03:00  WARN 7312 --- [booking] [           main] JpaBaseConfiguration$JpaWebConfiguration : spring.jpa.open-in-view is enabled by default. Therefore, database queries may be performed during view rendering. Explicitly configure spring.jpa.open-in-view to disable this warning
2025-02-18T21:39:31.617+03:00  INFO 7312 --- [booking] [           main] o.s.v.b.OptionalValidatorFactoryBean     : Failed to set up a Bean Validation provider: jakarta.validation.NoProviderFoundException: Unable to create a Configuration, because no Jakarta Validation provider could be found. Add a provider like Hibernate Validator (RI) to your classpath.
2025-02-18T21:39:33.748+03:00  INFO 7312 --- [booking] [           main] o.s.b.a.h2.H2ConsoleAutoConfiguration    : H2 console available at '/h2-console'. Database available at 'jdbc:h2:mem:testdb'
2025-02-18T21:39:33.919+03:00  INFO 7312 --- [booking] [           main] o.s.b.a.e.web.EndpointLinksResolver      : Exposing 2 endpoints beneath base path '/actuator'
2025-02-18T21:39:34.146+03:00  INFO 7312 --- [booking] [           main] com.booking.BookingApplicationTests      : Started BookingApplicationTests in 18.8 seconds (process running for 21.093)
]]></system-out>
  </testcase>
</testsuite>