<?xml version="1.0" encoding="UTF-8"?>
<testsuite xmlns:xsi="http://www.w3.org/2001/XMLSchema-instance" xsi:noNamespaceSchemaLocation="https://maven.apache.org/surefire/maven-surefire-plugin/xsd/surefire-test-report.xsd" version="3.0.2" name="com.booking.controller.HotelControllerTest" time="8.423" tests="9" errors="0" skipped="0" failures="0">
  <properties>
[...]
</properties>
  <testcase name="createHotel_ShouldReturnCreated" classname="com.booking.controller.HotelControllerTest" time="1.343">
    <system-out><![CDATA[2025-02-16T18:07:57.809+03:00  INFO 12320 --- [booking] [           main] t.c.s.AnnotationConfigContextLoaderUtils : Could not detect default configuration classes for test class [com.booking.controller.HotelControllerTest]: HotelControllerTest does not declare any static, non-private, non-final, nested classes annotated with @Configuration.
2025-02-16T18:07:57.914+03:00  INFO 12320 --- [booking] [           main] .b.t.c.SpringBootTestContextBootstrapper : Found @SpringBootConfiguration com.booking.BookingApplication for test class com.booking.controller.HotelControllerTest
2025-02-16T18:07:57.946+03:00  INFO 12320 --- [booking] [           main] o.s.b.d.r.RestartApplicationListener     : Restart disabled due to context in which it is running

  .   ____          _            __ _ _
 /\\ / ___'_ __ _ _(_)_ __  __ _ \ \ \ \
( ( )\___ | '_ | '_| | '_ \/ _` | \ \ \ \
 \\/  ___)| |_)| | | | | || (_| |  ) ) ) )
  '  |____| .__|_| |_|_| |_\__, | / / / /
 =========|_|==============|___/=/_/_/_/

 :: Spring Boot ::                (v3.4.2)

2025-02-16T18:07:58.089+03:00  INFO 12320 --- [booking] [           main] c.b.controller.HotelControllerTest       : Starting HotelControllerTest using Java 17.0.5 with PID 12320 (started by Dmitriy99 in F:\GitHub\Java\bookingservice)
2025-02-16T18:07:58.090+03:00  INFO 12320 --- [booking] [           main] c.b.controller.HotelControllerTest       : The following 1 profile is active: "H2"
2025-02-16T18:07:59.010+03:00  INFO 12320 --- [booking] [           main] .s.d.r.c.RepositoryConfigurationDelegate : Bootstrapping Spring Data JPA repositories in DEFAULT mode.
2025-02-16T18:07:59.076+03:00  INFO 12320 --- [booking] [           main] .s.d.r.c.RepositoryConfigurationDelegate : Finished Spring Data repository scanning in 59 ms. Found 7 JPA repository interfaces.
2025-02-16T18:07:59.354+03:00  INFO 12320 --- [booking] [           main] com.zaxxer.hikari.HikariDataSource       : HikariPool-2 - Starting...
2025-02-16T18:07:59.356+03:00  INFO 12320 --- [booking] [           main] com.zaxxer.hikari.pool.HikariPool        : HikariPool-2 - Added connection conn3: url=jdbc:h2:mem:testdb user=SA
2025-02-16T18:07:59.356+03:00  INFO 12320 --- [booking] [           main] com.zaxxer.hikari.HikariDataSource       : HikariPool-2 - Start completed.
2025-02-16T18:07:59.358+03:00  INFO 12320 --- [booking] [           main] liquibase.database                       : Set default schema name to PUBLIC
2025-02-16T18:07:59.478+03:00  INFO 12320 --- [booking] [           main] liquibase.changelog                      : Reading from PUBLIC.DATABASECHANGELOG
2025-02-16T18:07:59.510+03:00  INFO 12320 --- [booking] [           main] liquibase.ui                             : Database is up to date, no changesets to execute
2025-02-16T18:07:59.512+03:00  INFO 12320 --- [booking] [           main] liquibase.changelog                      : Reading from PUBLIC.DATABASECHANGELOG
2025-02-16T18:07:59.521+03:00  INFO 12320 --- [booking] [           main] liquibase.util                           : UPDATE SUMMARY
2025-02-16T18:07:59.521+03:00  INFO 12320 --- [booking] [           main] liquibase.util                           : Run:                          0
2025-02-16T18:07:59.521+03:00  INFO 12320 --- [booking] [           main] liquibase.util                           : Previously run:              11
2025-02-16T18:07:59.521+03:00  INFO 12320 --- [booking] [           main] liquibase.util                           : Filtered out:                 0
2025-02-16T18:07:59.521+03:00  INFO 12320 --- [booking] [           main] liquibase.util                           : -------------------------------
2025-02-16T18:07:59.521+03:00  INFO 12320 --- [booking] [           main] liquibase.util                           : Total change sets:           11
2025-02-16T18:07:59.521+03:00  INFO 12320 --- [booking] [           main] liquibase.util                           : Update summary generated
2025-02-16T18:07:59.522+03:00  INFO 12320 --- [booking] [           main] liquibase.command                        : Command execution complete
2025-02-16T18:07:59.603+03:00  INFO 12320 --- [booking] [           main] o.hibernate.jpa.internal.util.LogHelper  : HHH000204: Processing PersistenceUnitInfo [name: default]
2025-02-16T18:07:59.611+03:00  INFO 12320 --- [booking] [           main] o.h.c.internal.RegionFactoryInitiator    : HHH000026: Second-level cache disabled
2025-02-16T18:07:59.660+03:00  INFO 12320 --- [booking] [           main] o.s.o.j.p.SpringPersistenceUnitInfo      : No LoadTimeWeaver setup: ignoring JPA class transformer
2025-02-16T18:07:59.662+03:00  WARN 12320 --- [booking] [           main] org.hibernate.orm.deprecation            : HHH90000025: H2Dialect does not need to be specified explicitly using 'hibernate.dialect' (remove the property setting and it will be selected by default)
2025-02-16T18:07:59.662+03:00  INFO 12320 --- [booking] [           main] org.hibernate.orm.connections.pooling    : HHH10001005: Database info:
	Database JDBC URL [Connecting through datasource 'HikariDataSource (HikariPool-2)']
	Database driver: undefined/unknown
	Database version: 2.3.232
	Autocommit mode: undefined/unknown
	Isolation level: undefined/unknown
	Minimum pool size: undefined/unknown
	Maximum pool size: undefined/unknown
2025-02-16T18:08:00.044+03:00  INFO 12320 --- [booking] [           main] o.h.e.t.j.p.i.JtaPlatformInitiator       : HHH000489: No JTA platform available (set 'hibernate.transaction.jta.platform' to enable JTA platform integration)
2025-02-16T18:08:00.045+03:00  INFO 12320 --- [booking] [           main] j.LocalContainerEntityManagerFactoryBean : Initialized JPA EntityManagerFactory for persistence unit 'default'
2025-02-16T18:08:00.532+03:00  WARN 12320 --- [booking] [           main] JpaBaseConfiguration$JpaWebConfiguration : spring.jpa.open-in-view is enabled by default. Therefore, database queries may be performed during view rendering. Explicitly configure spring.jpa.open-in-view to disable this warning
2025-02-16T18:08:00.643+03:00  INFO 12320 --- [booking] [           main] o.s.v.b.OptionalValidatorFactoryBean     : Failed to set up a Bean Validation provider: jakarta.validation.NoProviderFoundException: Unable to create a Configuration, because no Jakarta Validation provider could be found. Add a provider like Hibernate Validator (RI) to your classpath.
2025-02-16T18:08:01.363+03:00  INFO 12320 --- [booking] [           main] o.s.b.a.h2.H2ConsoleAutoConfiguration    : H2 console available at '/h2-console'. Database available at 'jdbc:h2:mem:testdb'
2025-02-16T18:08:01.452+03:00  INFO 12320 --- [booking] [           main] o.s.b.t.m.w.SpringBootMockServletContext : Initializing Spring TestDispatcherServlet ''
2025-02-16T18:08:01.452+03:00  INFO 12320 --- [booking] [           main] o.s.t.web.servlet.TestDispatcherServlet  : Initializing Servlet ''
2025-02-16T18:08:01.462+03:00  INFO 12320 --- [booking] [           main] o.s.b.a.e.web.EndpointLinksResolver      : Exposing 2 endpoints beneath base path '/actuator'
2025-02-16T18:08:01.488+03:00  INFO 12320 --- [booking] [           main] o.s.t.web.servlet.TestDispatcherServlet  : Completed initialization in 34 ms
2025-02-16T18:08:01.575+03:00  INFO 12320 --- [booking] [           main] c.b.controller.HotelControllerTest       : Started HotelControllerTest in 3.629 seconds (process running for 34.119)
2025-02-16T18:08:02.529+03:00  INFO 12320 --- [booking] [           main] c.booking.facade.impl.HotelFacadeImpl    : GET-request, createHotel - start, newHotel = class NewHotel {
    name: DoubleTree by Hilton Minsk
    description: A great place to stay
    brand: Hilton
    address: class Address {
        houseNumber: 1
        street: Main St
        city: Minsk
        country: Belarus
        postCode: 220000
    }
    contacts: class Contact {
        phone: +375291234567
        email: info@doubletree.com
    }
    arrivalTime: class ArrivalTime {
        checkIn: 14:00
        checkOut: 12:00
    }
}
Hibernate: 
    select
        c1_0.id,
        c1_0.name 
    from
        countries c1_0 
    where
        c1_0.name=?
Hibernate: 
    select
        next value for country_sequence
Hibernate: 
    select
        c1_0.id,
        c1_0.country_id,
        c1_0.name 
    from
        cities c1_0 
    where
        c1_0.name=? 
        and c1_0.country_id=?
Hibernate: 
    select
        next value for city_sequence
Hibernate: 
    select
        next value for street_sequence
Hibernate: 
    select
        next value for address_sequence
Hibernate: 
    select
        next value for hotel_sequence
Hibernate: 
    select
        next value for arrival_sequence
Hibernate: 
    select
        next value for contact_sequence
Hibernate: 
    insert 
    into
        countries
        (name, id) 
    values
        (?, ?)
Hibernate: 
    insert 
    into
        cities
        (country_id, name, id) 
    values
        (?, ?, ?)
Hibernate: 
    insert 
    into
        streets
        (city_id, name, id) 
    values
        (?, ?, ?)
Hibernate: 
    insert 
    into
        addresses
        (house_number, post_code, street_id, id) 
    values
        (?, ?, ?, ?)
Hibernate: 
    insert 
    into
        arrival_times
        (check_in, check_out, id) 
    values
        (?, ?, ?)
Hibernate: 
    insert 
    into
        contacts
        (email, phone, id) 
    values
        (?, ?, ?)
Hibernate: 
    insert 
    into
        hotels
        (address_id, arrival_time_id, brand, contact_id, description, name, id) 
    values
        (?, ?, ?, ?, ?, ?, ?)
2025-02-16T18:08:03.079+03:00  INFO 12320 --- [booking] [           main] c.booking.facade.impl.HotelFacadeImpl    : GET-request, createHotel - start, savedHotel = class HotelBrief {
    id: 1
    name: DoubleTree by Hilton Minsk
    description: A great place to stay
    brand: Hilton
    address: 1 Main St, Minsk, 220000, Belarus
    phone: +375291234567
}
]]></system-out>
  </testcase>
  <testcase name="getHotelById_NotFound_ShouldReturn404" classname="com.booking.controller.HotelControllerTest" time="0.409">
    <system-out><![CDATA[Hibernate: 
    select
        h1_0.id,
        h1_0.address_id,
        ae1_0.id,
        ae1_0.house_number,
        ae1_0.post_code,
        ae1_0.street_id,
        s1_0.id,
        s1_0.city_id,
        c1_0.id,
        c1_0.country_id,
        c2_0.id,
        c2_0.name,
        c1_0.name,
        s1_0.name,
        h1_0.arrival_time_id,
        at1_0.id,
        at1_0.check_in,
        at1_0.check_out,
        h1_0.brand,
        h1_0.contact_id,
        c3_0.id,
        c3_0.email,
        c3_0.phone,
        h1_0.description,
        h1_0.name 
    from
        hotels h1_0 
    join
        addresses ae1_0 
            on ae1_0.id=h1_0.address_id 
    join
        streets s1_0 
            on s1_0.id=ae1_0.street_id 
    join
        cities c1_0 
            on c1_0.id=s1_0.city_id 
    join
        countries c2_0 
            on c2_0.id=c1_0.country_id 
    join
        arrival_times at1_0 
            on at1_0.id=h1_0.arrival_time_id 
    join
        contacts c3_0 
            on c3_0.id=h1_0.contact_id 
    where
        h1_0.id=?
2025-02-16T18:08:03.670+03:00 ERROR 12320 --- [booking] [           main] c.b.c.advice.GlobalExceptionHandler      : HotelNotFoundException caught: Hotel with id 999 not found!

com.booking.exception.HotelNotFoundException: Hotel with id 999 not found!
	at com.booking.service.impl.HotelServiceImpl.lambda$getHotel$0(HotelServiceImpl.java:47) ~[classes/:na]
	at java.base/java.util.Optional.orElseThrow(Optional.java:403) ~[na:na]
	at com.booking.service.impl.HotelServiceImpl.getHotel(HotelServiceImpl.java:47) ~[classes/:na]
	at java.base/jdk.internal.reflect.NativeMethodAccessorImpl.invoke0(Native Method) ~[na:na]
	at java.base/jdk.internal.reflect.NativeMethodAccessorImpl.invoke(NativeMethodAccessorImpl.java:77) ~[na:na]
	at java.base/jdk.internal.reflect.DelegatingMethodAccessorImpl.invoke(DelegatingMethodAccessorImpl.java:43) ~[na:na]
	at java.base/java.lang.reflect.Method.invoke(Method.java:568) ~[na:na]
	at org.springframework.aop.support.AopUtils.invokeJoinpointUsingReflection(AopUtils.java:359) ~[spring-aop-6.2.2.jar:6.2.2]
	at org.springframework.aop.framework.ReflectiveMethodInvocation.invokeJoinpoint(ReflectiveMethodInvocation.java:196) ~[spring-aop-6.2.2.jar:6.2.2]
	at org.springframework.aop.framework.ReflectiveMethodInvocation.proceed(ReflectiveMethodInvocation.java:163) ~[spring-aop-6.2.2.jar:6.2.2]
	at org.springframework.transaction.interceptor.TransactionAspectSupport.invokeWithinTransaction(TransactionAspectSupport.java:380) ~[spring-tx-6.2.2.jar:6.2.2]
	at org.springframework.transaction.interceptor.TransactionInterceptor.invoke(TransactionInterceptor.java:119) ~[spring-tx-6.2.2.jar:6.2.2]
	at org.springframework.aop.framework.ReflectiveMethodInvocation.proceed(ReflectiveMethodInvocation.java:184) ~[spring-aop-6.2.2.jar:6.2.2]
	at org.springframework.aop.framework.CglibAopProxy$DynamicAdvisedInterceptor.intercept(CglibAopProxy.java:727) ~[spring-aop-6.2.2.jar:6.2.2]
	at com.booking.service.impl.HotelServiceImpl$$SpringCGLIB$$0.getHotel(<generated>) ~[classes/:na]
	at com.booking.facade.impl.HotelFacadeImpl.getHotel(HotelFacadeImpl.java:40) ~[classes/:na]
	at com.booking.controller.HotelController.getHotelById(HotelController.java:49) ~[classes/:na]
	at java.base/jdk.internal.reflect.NativeMethodAccessorImpl.invoke0(Native Method) ~[na:na]
	at java.base/jdk.internal.reflect.NativeMethodAccessorImpl.invoke(NativeMethodAccessorImpl.java:77) ~[na:na]
	at java.base/jdk.internal.reflect.DelegatingMethodAccessorImpl.invoke(DelegatingMethodAccessorImpl.java:43) ~[na:na]
	at java.base/java.lang.reflect.Method.invoke(Method.java:568) ~[na:na]
	at org.springframework.web.method.support.InvocableHandlerMethod.doInvoke(InvocableHandlerMethod.java:257) ~[spring-web-6.2.2.jar:6.2.2]
	at org.springframework.web.method.support.InvocableHandlerMethod.invokeForRequest(InvocableHandlerMethod.java:190) ~[spring-web-6.2.2.jar:6.2.2]
	at org.springframework.web.servlet.mvc.method.annotation.ServletInvocableHandlerMethod.invokeAndHandle(ServletInvocableHandlerMethod.java:118) ~[spring-webmvc-6.2.2.jar:6.2.2]
	at org.springframework.web.servlet.mvc.method.annotation.RequestMappingHandlerAdapter.invokeHandlerMethod(RequestMappingHandlerAdapter.java:986) ~[spring-webmvc-6.2.2.jar:6.2.2]
	at org.springframework.web.servlet.mvc.method.annotation.RequestMappingHandlerAdapter.handleInternal(RequestMappingHandlerAdapter.java:891) ~[spring-webmvc-6.2.2.jar:6.2.2]
	at org.springframework.web.servlet.mvc.method.AbstractHandlerMethodAdapter.handle(AbstractHandlerMethodAdapter.java:87) ~[spring-webmvc-6.2.2.jar:6.2.2]
	at org.springframework.web.servlet.DispatcherServlet.doDispatch(DispatcherServlet.java:1088) ~[spring-webmvc-6.2.2.jar:6.2.2]
	at org.springframework.web.servlet.DispatcherServlet.doService(DispatcherServlet.java:978) ~[spring-webmvc-6.2.2.jar:6.2.2]
	at org.springframework.web.servlet.FrameworkServlet.processRequest(FrameworkServlet.java:1014) ~[spring-webmvc-6.2.2.jar:6.2.2]
	at org.springframework.web.servlet.FrameworkServlet.doGet(FrameworkServlet.java:903) ~[spring-webmvc-6.2.2.jar:6.2.2]
	at jakarta.servlet.http.HttpServlet.service(HttpServlet.java:564) ~[tomcat-embed-core-10.1.34.jar:6.0]
	at org.springframework.web.servlet.FrameworkServlet.service(FrameworkServlet.java:885) ~[spring-webmvc-6.2.2.jar:6.2.2]
	at org.springframework.test.web.servlet.TestDispatcherServlet.service(TestDispatcherServlet.java:72) ~[spring-test-6.2.2.jar:6.2.2]
	at jakarta.servlet.http.HttpServlet.service(HttpServlet.java:658) ~[tomcat-embed-core-10.1.34.jar:6.0]
	at org.springframework.mock.web.MockFilterChain$ServletFilterProxy.doFilter(MockFilterChain.java:165) ~[spring-test-6.2.2.jar:6.2.2]
	at org.springframework.mock.web.MockFilterChain.doFilter(MockFilterChain.java:132) ~[spring-test-6.2.2.jar:6.2.2]
	at org.springframework.web.filter.RequestContextFilter.doFilterInternal(RequestContextFilter.java:100) ~[spring-web-6.2.2.jar:6.2.2]
	at org.springframework.web.filter.OncePerRequestFilter.doFilter(OncePerRequestFilter.java:116) ~[spring-web-6.2.2.jar:6.2.2]
	at org.springframework.test.web.servlet.setup.MockMvcFilterDecorator.doFilter(MockMvcFilterDecorator.java:162) ~[spring-test-6.2.2.jar:6.2.2]
	at org.springframework.mock.web.MockFilterChain.doFilter(MockFilterChain.java:132) ~[spring-test-6.2.2.jar:6.2.2]
	at org.springframework.web.filter.FormContentFilter.doFilterInternal(FormContentFilter.java:93) ~[spring-web-6.2.2.jar:6.2.2]
	at org.springframework.web.filter.OncePerRequestFilter.doFilter(OncePerRequestFilter.java:116) ~[spring-web-6.2.2.jar:6.2.2]
	at org.springframework.test.web.servlet.setup.MockMvcFilterDecorator.doFilter(MockMvcFilterDecorator.java:162) ~[spring-test-6.2.2.jar:6.2.2]
	at org.springframework.mock.web.MockFilterChain.doFilter(MockFilterChain.java:132) ~[spring-test-6.2.2.jar:6.2.2]
	at org.springframework.web.filter.ServerHttpObservationFilter.doFilterInternal(ServerHttpObservationFilter.java:114) ~[spring-web-6.2.2.jar:6.2.2]
	at org.springframework.web.filter.OncePerRequestFilter.doFilter(OncePerRequestFilter.java:116) ~[spring-web-6.2.2.jar:6.2.2]
	at org.springframework.test.web.servlet.setup.MockMvcFilterDecorator.doFilter(MockMvcFilterDecorator.java:162) ~[spring-test-6.2.2.jar:6.2.2]
	at org.springframework.mock.web.MockFilterChain.doFilter(MockFilterChain.java:132) ~[spring-test-6.2.2.jar:6.2.2]
	at org.springframework.web.filter.CharacterEncodingFilter.doFilterInternal(CharacterEncodingFilter.java:201) ~[spring-web-6.2.2.jar:6.2.2]
	at org.springframework.web.filter.OncePerRequestFilter.doFilter(OncePerRequestFilter.java:116) ~[spring-web-6.2.2.jar:6.2.2]
	at org.springframework.test.web.servlet.setup.MockMvcFilterDecorator.doFilter(MockMvcFilterDecorator.java:162) ~[spring-test-6.2.2.jar:6.2.2]
	at org.springframework.mock.web.MockFilterChain.doFilter(MockFilterChain.java:132) ~[spring-test-6.2.2.jar:6.2.2]
	at org.springframework.test.web.servlet.MockMvc.perform(MockMvc.java:201) ~[spring-test-6.2.2.jar:6.2.2]
	at com.booking.controller.HotelControllerTest.getHotelById_NotFound_ShouldReturn404(HotelControllerTest.java:99) ~[test-classes/:na]
	at java.base/jdk.internal.reflect.NativeMethodAccessorImpl.invoke0(Native Method) ~[na:na]
	at java.base/jdk.internal.reflect.NativeMethodAccessorImpl.invoke(NativeMethodAccessorImpl.java:77) ~[na:na]
	at java.base/jdk.internal.reflect.DelegatingMethodAccessorImpl.invoke(DelegatingMethodAccessorImpl.java:43) ~[na:na]
	at java.base/java.lang.reflect.Method.invoke(Method.java:568) ~[na:na]
	at org.junit.platform.commons.util.ReflectionUtils.invokeMethod(ReflectionUtils.java:767) ~[junit-platform-commons-1.11.4.jar:1.11.4]
	at org.junit.jupiter.engine.execution.MethodInvocation.proceed(MethodInvocation.java:60) ~[junit-jupiter-engine-5.11.4.jar:5.11.4]
	at org.junit.jupiter.engine.execution.InvocationInterceptorChain$ValidatingInvocation.proceed(InvocationInterceptorChain.java:131) ~[junit-jupiter-engine-5.11.4.jar:5.11.4]
	at org.junit.jupiter.engine.extension.TimeoutExtension.intercept(TimeoutExtension.java:156) ~[junit-jupiter-engine-5.11.4.jar:5.11.4]
	at org.junit.jupiter.engine.extension.TimeoutExtension.interceptTestableMethod(TimeoutExtension.java:147) ~[junit-jupiter-engine-5.11.4.jar:5.11.4]
	at org.junit.jupiter.engine.extension.TimeoutExtension.interceptTestMethod(TimeoutExtension.java:86) ~[junit-jupiter-engine-5.11.4.jar:5.11.4]
	at org.junit.jupiter.engine.execution.InterceptingExecutableInvoker$ReflectiveInterceptorCall.lambda$ofVoidMethod$0(InterceptingExecutableInvoker.java:103) ~[junit-jupiter-engine-5.11.4.jar:5.11.4]
	at org.junit.jupiter.engine.execution.InterceptingExecutableInvoker.lambda$invoke$0(InterceptingExecutableInvoker.java:93) ~[junit-jupiter-engine-5.11.4.jar:5.11.4]
	at org.junit.jupiter.engine.execution.InvocationInterceptorChain$InterceptedInvocation.proceed(InvocationInterceptorChain.java:106) ~[junit-jupiter-engine-5.11.4.jar:5.11.4]
	at org.junit.jupiter.engine.execution.InvocationInterceptorChain.proceed(InvocationInterceptorChain.java:64) ~[junit-jupiter-engine-5.11.4.jar:5.11.4]
	at org.junit.jupiter.engine.execution.InvocationInterceptorChain.chainAndInvoke(InvocationInterceptorChain.java:45) ~[junit-jupiter-engine-5.11.4.jar:5.11.4]
	at org.junit.jupiter.engine.execution.InvocationInterceptorChain.invoke(InvocationInterceptorChain.java:37) ~[junit-jupiter-engine-5.11.4.jar:5.11.4]
	at org.junit.jupiter.engine.execution.InterceptingExecutableInvoker.invoke(InterceptingExecutableInvoker.java:92) ~[junit-jupiter-engine-5.11.4.jar:5.11.4]
	at org.junit.jupiter.engine.execution.InterceptingExecutableInvoker.invoke(InterceptingExecutableInvoker.java:86) ~[junit-jupiter-engine-5.11.4.jar:5.11.4]
	at org.junit.jupiter.engine.descriptor.TestMethodTestDescriptor.lambda$invokeTestMethod$8(TestMethodTestDescriptor.java:217) ~[junit-jupiter-engine-5.11.4.jar:5.11.4]
	at org.junit.platform.engine.support.hierarchical.ThrowableCollector.execute(ThrowableCollector.java:73) ~[junit-platform-engine-1.11.4.jar:1.11.4]
	at org.junit.jupiter.engine.descriptor.TestMethodTestDescriptor.invokeTestMethod(TestMethodTestDescriptor.java:213) ~[junit-jupiter-engine-5.11.4.jar:5.11.4]
	at org.junit.jupiter.engine.descriptor.TestMethodTestDescriptor.execute(TestMethodTestDescriptor.java:138) ~[junit-jupiter-engine-5.11.4.jar:5.11.4]
	at org.junit.jupiter.engine.descriptor.TestMethodTestDescriptor.execute(TestMethodTestDescriptor.java:68) ~[junit-jupiter-engine-5.11.4.jar:5.11.4]
	at org.junit.platform.engine.support.hierarchical.NodeTestTask.lambda$executeRecursively$6(NodeTestTask.java:156) ~[junit-platform-engine-1.11.4.jar:1.11.4]
	at org.junit.platform.engine.support.hierarchical.ThrowableCollector.execute(ThrowableCollector.java:73) ~[junit-platform-engine-1.11.4.jar:1.11.4]
	at org.junit.platform.engine.support.hierarchical.NodeTestTask.lambda$executeRecursively$8(NodeTestTask.java:146) ~[junit-platform-engine-1.11.4.jar:1.11.4]
	at org.junit.platform.engine.support.hierarchical.Node.around(Node.java:137) ~[junit-platform-engine-1.11.4.jar:1.11.4]
	at org.junit.platform.engine.support.hierarchical.NodeTestTask.lambda$executeRecursively$9(NodeTestTask.java:144) ~[junit-platform-engine-1.11.4.jar:1.11.4]
	at org.junit.platform.engine.support.hierarchical.ThrowableCollector.execute(ThrowableCollector.java:73) ~[junit-platform-engine-1.11.4.jar:1.11.4]
	at org.junit.platform.engine.support.hierarchical.NodeTestTask.executeRecursively(NodeTestTask.java:143) ~[junit-platform-engine-1.11.4.jar:1.11.4]
	at org.junit.platform.engine.support.hierarchical.NodeTestTask.execute(NodeTestTask.java:100) ~[junit-platform-engine-1.11.4.jar:1.11.4]
	at java.base/java.util.ArrayList.forEach(ArrayList.java:1511) ~[na:na]
	at org.junit.platform.engine.support.hierarchical.SameThreadHierarchicalTestExecutorService.invokeAll(SameThreadHierarchicalTestExecutorService.java:41) ~[junit-platform-engine-1.11.4.jar:1.11.4]
	at org.junit.platform.engine.support.hierarchical.NodeTestTask.lambda$executeRecursively$6(NodeTestTask.java:160) ~[junit-platform-engine-1.11.4.jar:1.11.4]
	at org.junit.platform.engine.support.hierarchical.ThrowableCollector.execute(ThrowableCollector.java:73) ~[junit-platform-engine-1.11.4.jar:1.11.4]
	at org.junit.platform.engine.support.hierarchical.NodeTestTask.lambda$executeRecursively$8(NodeTestTask.java:146) ~[junit-platform-engine-1.11.4.jar:1.11.4]
	at org.junit.platform.engine.support.hierarchical.Node.around(Node.java:137) ~[junit-platform-engine-1.11.4.jar:1.11.4]
	at org.junit.platform.engine.support.hierarchical.NodeTestTask.lambda$executeRecursively$9(NodeTestTask.java:144) ~[junit-platform-engine-1.11.4.jar:1.11.4]
	at org.junit.platform.engine.support.hierarchical.ThrowableCollector.execute(ThrowableCollector.java:73) ~[junit-platform-engine-1.11.4.jar:1.11.4]
	at org.junit.platform.engine.support.hierarchical.NodeTestTask.executeRecursively(NodeTestTask.java:143) ~[junit-platform-engine-1.11.4.jar:1.11.4]
	at org.junit.platform.engine.support.hierarchical.NodeTestTask.execute(NodeTestTask.java:100) ~[junit-platform-engine-1.11.4.jar:1.11.4]
	at java.base/java.util.ArrayList.forEach(ArrayList.java:1511) ~[na:na]
	at org.junit.platform.engine.support.hierarchical.SameThreadHierarchicalTestExecutorService.invokeAll(SameThreadHierarchicalTestExecutorService.java:41) ~[junit-platform-engine-1.11.4.jar:1.11.4]
	at org.junit.platform.engine.support.hierarchical.NodeTestTask.lambda$executeRecursively$6(NodeTestTask.java:160) ~[junit-platform-engine-1.11.4.jar:1.11.4]
	at org.junit.platform.engine.support.hierarchical.ThrowableCollector.execute(ThrowableCollector.java:73) ~[junit-platform-engine-1.11.4.jar:1.11.4]
	at org.junit.platform.engine.support.hierarchical.NodeTestTask.lambda$executeRecursively$8(NodeTestTask.java:146) ~[junit-platform-engine-1.11.4.jar:1.11.4]
	at org.junit.platform.engine.support.hierarchical.Node.around(Node.java:137) ~[junit-platform-engine-1.11.4.jar:1.11.4]
	at org.junit.platform.engine.support.hierarchical.NodeTestTask.lambda$executeRecursively$9(NodeTestTask.java:144) ~[junit-platform-engine-1.11.4.jar:1.11.4]
	at org.junit.platform.engine.support.hierarchical.ThrowableCollector.execute(ThrowableCollector.java:73) ~[junit-platform-engine-1.11.4.jar:1.11.4]
	at org.junit.platform.engine.support.hierarchical.NodeTestTask.executeRecursively(NodeTestTask.java:143) ~[junit-platform-engine-1.11.4.jar:1.11.4]
	at org.junit.platform.engine.support.hierarchical.NodeTestTask.execute(NodeTestTask.java:100) ~[junit-platform-engine-1.11.4.jar:1.11.4]
	at org.junit.platform.engine.support.hierarchical.SameThreadHierarchicalTestExecutorService.submit(SameThreadHierarchicalTestExecutorService.java:35) ~[junit-platform-engine-1.11.4.jar:1.11.4]
	at org.junit.platform.engine.support.hierarchical.HierarchicalTestExecutor.execute(HierarchicalTestExecutor.java:57) ~[junit-platform-engine-1.11.4.jar:1.11.4]
	at org.junit.platform.engine.support.hierarchical.HierarchicalTestEngine.execute(HierarchicalTestEngine.java:54) ~[junit-platform-engine-1.11.4.jar:1.11.4]
	at org.junit.platform.launcher.core.EngineExecutionOrchestrator.execute(EngineExecutionOrchestrator.java:198) ~[junit-platform-launcher-1.11.4.jar:1.11.4]
	at org.junit.platform.launcher.core.EngineExecutionOrchestrator.execute(EngineExecutionOrchestrator.java:169) ~[junit-platform-launcher-1.11.4.jar:1.11.4]
	at org.junit.platform.launcher.core.EngineExecutionOrchestrator.execute(EngineExecutionOrchestrator.java:93) ~[junit-platform-launcher-1.11.4.jar:1.11.4]
	at org.junit.platform.launcher.core.EngineExecutionOrchestrator.lambda$execute$0(EngineExecutionOrchestrator.java:58) ~[junit-platform-launcher-1.11.4.jar:1.11.4]
	at org.junit.platform.launcher.core.EngineExecutionOrchestrator.withInterceptedStreams(EngineExecutionOrchestrator.java:141) ~[junit-platform-launcher-1.11.4.jar:1.11.4]
	at org.junit.platform.launcher.core.EngineExecutionOrchestrator.execute(EngineExecutionOrchestrator.java:57) ~[junit-platform-launcher-1.11.4.jar:1.11.4]
	at org.junit.platform.launcher.core.DefaultLauncher.execute(DefaultLauncher.java:103) ~[junit-platform-launcher-1.11.4.jar:1.11.4]
	at org.junit.platform.launcher.core.DefaultLauncher.execute(DefaultLauncher.java:85) ~[junit-platform-launcher-1.11.4.jar:1.11.4]
	at org.junit.platform.launcher.core.DelegatingLauncher.execute(DelegatingLauncher.java:47) ~[junit-platform-launcher-1.11.4.jar:1.11.4]
	at org.apache.maven.surefire.junitplatform.LazyLauncher.execute(LazyLauncher.java:56) ~[surefire-junit-platform-3.5.2.jar:3.5.2]
	at org.apache.maven.surefire.junitplatform.JUnitPlatformProvider.execute(JUnitPlatformProvider.java:184) ~[surefire-junit-platform-3.5.2.jar:3.5.2]
	at org.apache.maven.surefire.junitplatform.JUnitPlatformProvider.invokeAllTests(JUnitPlatformProvider.java:148) ~[surefire-junit-platform-3.5.2.jar:3.5.2]
	at org.apache.maven.surefire.junitplatform.JUnitPlatformProvider.invoke(JUnitPlatformProvider.java:122) ~[surefire-junit-platform-3.5.2.jar:3.5.2]
	at org.apache.maven.surefire.booter.ForkedBooter.runSuitesInProcess(ForkedBooter.java:385) ~[surefire-booter-3.5.2.jar:3.5.2]
	at org.apache.maven.surefire.booter.ForkedBooter.execute(ForkedBooter.java:162) ~[surefire-booter-3.5.2.jar:3.5.2]
	at org.apache.maven.surefire.booter.ForkedBooter.run(ForkedBooter.java:507) ~[surefire-booter-3.5.2.jar:3.5.2]
	at org.apache.maven.surefire.booter.ForkedBooter.main(ForkedBooter.java:495) ~[surefire-booter-3.5.2.jar:3.5.2]

]]></system-out>
  </testcase>
  <testcase name="getHotelById_InternalServerError_ShouldReturn500" classname="com.booking.controller.HotelControllerTest" time="0.15">
    <system-out><![CDATA[2025-02-16T18:08:03.834+03:00 ERROR 12320 --- [booking] [           main] c.b.c.advice.GlobalExceptionHandler      : RuntimeException caught: Method parameter 'id': Failed to convert value of type 'java.lang.String' to required type 'java.lang.Integer'; For input string: "string"

org.springframework.web.method.annotation.MethodArgumentTypeMismatchException: Method parameter 'id': Failed to convert value of type 'java.lang.String' to required type 'java.lang.Integer'; For input string: "string"
	at org.springframework.web.method.annotation.AbstractNamedValueMethodArgumentResolver.convertIfNecessary(AbstractNamedValueMethodArgumentResolver.java:301) ~[spring-web-6.2.2.jar:6.2.2]
	at org.springframework.web.method.annotation.AbstractNamedValueMethodArgumentResolver.resolveArgument(AbstractNamedValueMethodArgumentResolver.java:136) ~[spring-web-6.2.2.jar:6.2.2]
	at org.springframework.web.method.support.HandlerMethodArgumentResolverComposite.resolveArgument(HandlerMethodArgumentResolverComposite.java:122) ~[spring-web-6.2.2.jar:6.2.2]
	at org.springframework.web.method.support.InvocableHandlerMethod.getMethodArgumentValues(InvocableHandlerMethod.java:226) ~[spring-web-6.2.2.jar:6.2.2]
	at org.springframework.web.method.support.InvocableHandlerMethod.invokeForRequest(InvocableHandlerMethod.java:180) ~[spring-web-6.2.2.jar:6.2.2]
	at org.springframework.web.servlet.mvc.method.annotation.ServletInvocableHandlerMethod.invokeAndHandle(ServletInvocableHandlerMethod.java:118) ~[spring-webmvc-6.2.2.jar:6.2.2]
	at org.springframework.web.servlet.mvc.method.annotation.RequestMappingHandlerAdapter.invokeHandlerMethod(RequestMappingHandlerAdapter.java:986) ~[spring-webmvc-6.2.2.jar:6.2.2]
	at org.springframework.web.servlet.mvc.method.annotation.RequestMappingHandlerAdapter.handleInternal(RequestMappingHandlerAdapter.java:891) ~[spring-webmvc-6.2.2.jar:6.2.2]
	at org.springframework.web.servlet.mvc.method.AbstractHandlerMethodAdapter.handle(AbstractHandlerMethodAdapter.java:87) ~[spring-webmvc-6.2.2.jar:6.2.2]
	at org.springframework.web.servlet.DispatcherServlet.doDispatch(DispatcherServlet.java:1088) ~[spring-webmvc-6.2.2.jar:6.2.2]
	at org.springframework.web.servlet.DispatcherServlet.doService(DispatcherServlet.java:978) ~[spring-webmvc-6.2.2.jar:6.2.2]
	at org.springframework.web.servlet.FrameworkServlet.processRequest(FrameworkServlet.java:1014) ~[spring-webmvc-6.2.2.jar:6.2.2]
	at org.springframework.web.servlet.FrameworkServlet.doGet(FrameworkServlet.java:903) ~[spring-webmvc-6.2.2.jar:6.2.2]
	at jakarta.servlet.http.HttpServlet.service(HttpServlet.java:564) ~[tomcat-embed-core-10.1.34.jar:6.0]
	at org.springframework.web.servlet.FrameworkServlet.service(FrameworkServlet.java:885) ~[spring-webmvc-6.2.2.jar:6.2.2]
	at org.springframework.test.web.servlet.TestDispatcherServlet.service(TestDispatcherServlet.java:72) ~[spring-test-6.2.2.jar:6.2.2]
	at jakarta.servlet.http.HttpServlet.service(HttpServlet.java:658) ~[tomcat-embed-core-10.1.34.jar:6.0]
	at org.springframework.mock.web.MockFilterChain$ServletFilterProxy.doFilter(MockFilterChain.java:165) ~[spring-test-6.2.2.jar:6.2.2]
	at org.springframework.mock.web.MockFilterChain.doFilter(MockFilterChain.java:132) ~[spring-test-6.2.2.jar:6.2.2]
	at org.springframework.web.filter.RequestContextFilter.doFilterInternal(RequestContextFilter.java:100) ~[spring-web-6.2.2.jar:6.2.2]
	at org.springframework.web.filter.OncePerRequestFilter.doFilter(OncePerRequestFilter.java:116) ~[spring-web-6.2.2.jar:6.2.2]
	at org.springframework.test.web.servlet.setup.MockMvcFilterDecorator.doFilter(MockMvcFilterDecorator.java:162) ~[spring-test-6.2.2.jar:6.2.2]
	at org.springframework.mock.web.MockFilterChain.doFilter(MockFilterChain.java:132) ~[spring-test-6.2.2.jar:6.2.2]
	at org.springframework.web.filter.FormContentFilter.doFilterInternal(FormContentFilter.java:93) ~[spring-web-6.2.2.jar:6.2.2]
	at org.springframework.web.filter.OncePerRequestFilter.doFilter(OncePerRequestFilter.java:116) ~[spring-web-6.2.2.jar:6.2.2]
	at org.springframework.test.web.servlet.setup.MockMvcFilterDecorator.doFilter(MockMvcFilterDecorator.java:162) ~[spring-test-6.2.2.jar:6.2.2]
	at org.springframework.mock.web.MockFilterChain.doFilter(MockFilterChain.java:132) ~[spring-test-6.2.2.jar:6.2.2]
	at org.springframework.web.filter.ServerHttpObservationFilter.doFilterInternal(ServerHttpObservationFilter.java:114) ~[spring-web-6.2.2.jar:6.2.2]
	at org.springframework.web.filter.OncePerRequestFilter.doFilter(OncePerRequestFilter.java:116) ~[spring-web-6.2.2.jar:6.2.2]
	at org.springframework.test.web.servlet.setup.MockMvcFilterDecorator.doFilter(MockMvcFilterDecorator.java:162) ~[spring-test-6.2.2.jar:6.2.2]
	at org.springframework.mock.web.MockFilterChain.doFilter(MockFilterChain.java:132) ~[spring-test-6.2.2.jar:6.2.2]
	at org.springframework.web.filter.CharacterEncodingFilter.doFilterInternal(CharacterEncodingFilter.java:201) ~[spring-web-6.2.2.jar:6.2.2]
	at org.springframework.web.filter.OncePerRequestFilter.doFilter(OncePerRequestFilter.java:116) ~[spring-web-6.2.2.jar:6.2.2]
	at org.springframework.test.web.servlet.setup.MockMvcFilterDecorator.doFilter(MockMvcFilterDecorator.java:162) ~[spring-test-6.2.2.jar:6.2.2]
	at org.springframework.mock.web.MockFilterChain.doFilter(MockFilterChain.java:132) ~[spring-test-6.2.2.jar:6.2.2]
	at org.springframework.test.web.servlet.MockMvc.perform(MockMvc.java:201) ~[spring-test-6.2.2.jar:6.2.2]
	at com.booking.controller.HotelControllerTest.getHotelById_InternalServerError_ShouldReturn500(HotelControllerTest.java:106) ~[test-classes/:na]
	at java.base/jdk.internal.reflect.NativeMethodAccessorImpl.invoke0(Native Method) ~[na:na]
	at java.base/jdk.internal.reflect.NativeMethodAccessorImpl.invoke(NativeMethodAccessorImpl.java:77) ~[na:na]
	at java.base/jdk.internal.reflect.DelegatingMethodAccessorImpl.invoke(DelegatingMethodAccessorImpl.java:43) ~[na:na]
	at java.base/java.lang.reflect.Method.invoke(Method.java:568) ~[na:na]
	at org.junit.platform.commons.util.ReflectionUtils.invokeMethod(ReflectionUtils.java:767) ~[junit-platform-commons-1.11.4.jar:1.11.4]
	at org.junit.jupiter.engine.execution.MethodInvocation.proceed(MethodInvocation.java:60) ~[junit-jupiter-engine-5.11.4.jar:5.11.4]
	at org.junit.jupiter.engine.execution.InvocationInterceptorChain$ValidatingInvocation.proceed(InvocationInterceptorChain.java:131) ~[junit-jupiter-engine-5.11.4.jar:5.11.4]
	at org.junit.jupiter.engine.extension.TimeoutExtension.intercept(TimeoutExtension.java:156) ~[junit-jupiter-engine-5.11.4.jar:5.11.4]
	at org.junit.jupiter.engine.extension.TimeoutExtension.interceptTestableMethod(TimeoutExtension.java:147) ~[junit-jupiter-engine-5.11.4.jar:5.11.4]
	at org.junit.jupiter.engine.extension.TimeoutExtension.interceptTestMethod(TimeoutExtension.java:86) ~[junit-jupiter-engine-5.11.4.jar:5.11.4]
	at org.junit.jupiter.engine.execution.InterceptingExecutableInvoker$ReflectiveInterceptorCall.lambda$ofVoidMethod$0(InterceptingExecutableInvoker.java:103) ~[junit-jupiter-engine-5.11.4.jar:5.11.4]
	at org.junit.jupiter.engine.execution.InterceptingExecutableInvoker.lambda$invoke$0(InterceptingExecutableInvoker.java:93) ~[junit-jupiter-engine-5.11.4.jar:5.11.4]
	at org.junit.jupiter.engine.execution.InvocationInterceptorChain$InterceptedInvocation.proceed(InvocationInterceptorChain.java:106) ~[junit-jupiter-engine-5.11.4.jar:5.11.4]
	at org.junit.jupiter.engine.execution.InvocationInterceptorChain.proceed(InvocationInterceptorChain.java:64) ~[junit-jupiter-engine-5.11.4.jar:5.11.4]
	at org.junit.jupiter.engine.execution.InvocationInterceptorChain.chainAndInvoke(InvocationInterceptorChain.java:45) ~[junit-jupiter-engine-5.11.4.jar:5.11.4]
	at org.junit.jupiter.engine.execution.InvocationInterceptorChain.invoke(InvocationInterceptorChain.java:37) ~[junit-jupiter-engine-5.11.4.jar:5.11.4]
	at org.junit.jupiter.engine.execution.InterceptingExecutableInvoker.invoke(InterceptingExecutableInvoker.java:92) ~[junit-jupiter-engine-5.11.4.jar:5.11.4]
	at org.junit.jupiter.engine.execution.InterceptingExecutableInvoker.invoke(InterceptingExecutableInvoker.java:86) ~[junit-jupiter-engine-5.11.4.jar:5.11.4]
	at org.junit.jupiter.engine.descriptor.TestMethodTestDescriptor.lambda$invokeTestMethod$8(TestMethodTestDescriptor.java:217) ~[junit-jupiter-engine-5.11.4.jar:5.11.4]
	at org.junit.platform.engine.support.hierarchical.ThrowableCollector.execute(ThrowableCollector.java:73) ~[junit-platform-engine-1.11.4.jar:1.11.4]
	at org.junit.jupiter.engine.descriptor.TestMethodTestDescriptor.invokeTestMethod(TestMethodTestDescriptor.java:213) ~[junit-jupiter-engine-5.11.4.jar:5.11.4]
	at org.junit.jupiter.engine.descriptor.TestMethodTestDescriptor.execute(TestMethodTestDescriptor.java:138) ~[junit-jupiter-engine-5.11.4.jar:5.11.4]
	at org.junit.jupiter.engine.descriptor.TestMethodTestDescriptor.execute(TestMethodTestDescriptor.java:68) ~[junit-jupiter-engine-5.11.4.jar:5.11.4]
	at org.junit.platform.engine.support.hierarchical.NodeTestTask.lambda$executeRecursively$6(NodeTestTask.java:156) ~[junit-platform-engine-1.11.4.jar:1.11.4]
	at org.junit.platform.engine.support.hierarchical.ThrowableCollector.execute(ThrowableCollector.java:73) ~[junit-platform-engine-1.11.4.jar:1.11.4]
	at org.junit.platform.engine.support.hierarchical.NodeTestTask.lambda$executeRecursively$8(NodeTestTask.java:146) ~[junit-platform-engine-1.11.4.jar:1.11.4]
	at org.junit.platform.engine.support.hierarchical.Node.around(Node.java:137) ~[junit-platform-engine-1.11.4.jar:1.11.4]
	at org.junit.platform.engine.support.hierarchical.NodeTestTask.lambda$executeRecursively$9(NodeTestTask.java:144) ~[junit-platform-engine-1.11.4.jar:1.11.4]
	at org.junit.platform.engine.support.hierarchical.ThrowableCollector.execute(ThrowableCollector.java:73) ~[junit-platform-engine-1.11.4.jar:1.11.4]
	at org.junit.platform.engine.support.hierarchical.NodeTestTask.executeRecursively(NodeTestTask.java:143) ~[junit-platform-engine-1.11.4.jar:1.11.4]
	at org.junit.platform.engine.support.hierarchical.NodeTestTask.execute(NodeTestTask.java:100) ~[junit-platform-engine-1.11.4.jar:1.11.4]
	at java.base/java.util.ArrayList.forEach(ArrayList.java:1511) ~[na:na]
	at org.junit.platform.engine.support.hierarchical.SameThreadHierarchicalTestExecutorService.invokeAll(SameThreadHierarchicalTestExecutorService.java:41) ~[junit-platform-engine-1.11.4.jar:1.11.4]
	at org.junit.platform.engine.support.hierarchical.NodeTestTask.lambda$executeRecursively$6(NodeTestTask.java:160) ~[junit-platform-engine-1.11.4.jar:1.11.4]
	at org.junit.platform.engine.support.hierarchical.ThrowableCollector.execute(ThrowableCollector.java:73) ~[junit-platform-engine-1.11.4.jar:1.11.4]
	at org.junit.platform.engine.support.hierarchical.NodeTestTask.lambda$executeRecursively$8(NodeTestTask.java:146) ~[junit-platform-engine-1.11.4.jar:1.11.4]
	at org.junit.platform.engine.support.hierarchical.Node.around(Node.java:137) ~[junit-platform-engine-1.11.4.jar:1.11.4]
	at org.junit.platform.engine.support.hierarchical.NodeTestTask.lambda$executeRecursively$9(NodeTestTask.java:144) ~[junit-platform-engine-1.11.4.jar:1.11.4]
	at org.junit.platform.engine.support.hierarchical.ThrowableCollector.execute(ThrowableCollector.java:73) ~[junit-platform-engine-1.11.4.jar:1.11.4]
	at org.junit.platform.engine.support.hierarchical.NodeTestTask.executeRecursively(NodeTestTask.java:143) ~[junit-platform-engine-1.11.4.jar:1.11.4]
	at org.junit.platform.engine.support.hierarchical.NodeTestTask.execute(NodeTestTask.java:100) ~[junit-platform-engine-1.11.4.jar:1.11.4]
	at java.base/java.util.ArrayList.forEach(ArrayList.java:1511) ~[na:na]
	at org.junit.platform.engine.support.hierarchical.SameThreadHierarchicalTestExecutorService.invokeAll(SameThreadHierarchicalTestExecutorService.java:41) ~[junit-platform-engine-1.11.4.jar:1.11.4]
	at org.junit.platform.engine.support.hierarchical.NodeTestTask.lambda$executeRecursively$6(NodeTestTask.java:160) ~[junit-platform-engine-1.11.4.jar:1.11.4]
	at org.junit.platform.engine.support.hierarchical.ThrowableCollector.execute(ThrowableCollector.java:73) ~[junit-platform-engine-1.11.4.jar:1.11.4]
	at org.junit.platform.engine.support.hierarchical.NodeTestTask.lambda$executeRecursively$8(NodeTestTask.java:146) ~[junit-platform-engine-1.11.4.jar:1.11.4]
	at org.junit.platform.engine.support.hierarchical.Node.around(Node.java:137) ~[junit-platform-engine-1.11.4.jar:1.11.4]
	at org.junit.platform.engine.support.hierarchical.NodeTestTask.lambda$executeRecursively$9(NodeTestTask.java:144) ~[junit-platform-engine-1.11.4.jar:1.11.4]
	at org.junit.platform.engine.support.hierarchical.ThrowableCollector.execute(ThrowableCollector.java:73) ~[junit-platform-engine-1.11.4.jar:1.11.4]
	at org.junit.platform.engine.support.hierarchical.NodeTestTask.executeRecursively(NodeTestTask.java:143) ~[junit-platform-engine-1.11.4.jar:1.11.4]
	at org.junit.platform.engine.support.hierarchical.NodeTestTask.execute(NodeTestTask.java:100) ~[junit-platform-engine-1.11.4.jar:1.11.4]
	at org.junit.platform.engine.support.hierarchical.SameThreadHierarchicalTestExecutorService.submit(SameThreadHierarchicalTestExecutorService.java:35) ~[junit-platform-engine-1.11.4.jar:1.11.4]
	at org.junit.platform.engine.support.hierarchical.HierarchicalTestExecutor.execute(HierarchicalTestExecutor.java:57) ~[junit-platform-engine-1.11.4.jar:1.11.4]
	at org.junit.platform.engine.support.hierarchical.HierarchicalTestEngine.execute(HierarchicalTestEngine.java:54) ~[junit-platform-engine-1.11.4.jar:1.11.4]
	at org.junit.platform.launcher.core.EngineExecutionOrchestrator.execute(EngineExecutionOrchestrator.java:198) ~[junit-platform-launcher-1.11.4.jar:1.11.4]
	at org.junit.platform.launcher.core.EngineExecutionOrchestrator.execute(EngineExecutionOrchestrator.java:169) ~[junit-platform-launcher-1.11.4.jar:1.11.4]
	at org.junit.platform.launcher.core.EngineExecutionOrchestrator.execute(EngineExecutionOrchestrator.java:93) ~[junit-platform-launcher-1.11.4.jar:1.11.4]
	at org.junit.platform.launcher.core.EngineExecutionOrchestrator.lambda$execute$0(EngineExecutionOrchestrator.java:58) ~[junit-platform-launcher-1.11.4.jar:1.11.4]
	at org.junit.platform.launcher.core.EngineExecutionOrchestrator.withInterceptedStreams(EngineExecutionOrchestrator.java:141) ~[junit-platform-launcher-1.11.4.jar:1.11.4]
	at org.junit.platform.launcher.core.EngineExecutionOrchestrator.execute(EngineExecutionOrchestrator.java:57) ~[junit-platform-launcher-1.11.4.jar:1.11.4]
	at org.junit.platform.launcher.core.DefaultLauncher.execute(DefaultLauncher.java:103) ~[junit-platform-launcher-1.11.4.jar:1.11.4]
	at org.junit.platform.launcher.core.DefaultLauncher.execute(DefaultLauncher.java:85) ~[junit-platform-launcher-1.11.4.jar:1.11.4]
	at org.junit.platform.launcher.core.DelegatingLauncher.execute(DelegatingLauncher.java:47) ~[junit-platform-launcher-1.11.4.jar:1.11.4]
	at org.apache.maven.surefire.junitplatform.LazyLauncher.execute(LazyLauncher.java:56) ~[surefire-junit-platform-3.5.2.jar:3.5.2]
	at org.apache.maven.surefire.junitplatform.JUnitPlatformProvider.execute(JUnitPlatformProvider.java:184) ~[surefire-junit-platform-3.5.2.jar:3.5.2]
	at org.apache.maven.surefire.junitplatform.JUnitPlatformProvider.invokeAllTests(JUnitPlatformProvider.java:148) ~[surefire-junit-platform-3.5.2.jar:3.5.2]
	at org.apache.maven.surefire.junitplatform.JUnitPlatformProvider.invoke(JUnitPlatformProvider.java:122) ~[surefire-junit-platform-3.5.2.jar:3.5.2]
	at org.apache.maven.surefire.booter.ForkedBooter.runSuitesInProcess(ForkedBooter.java:385) ~[surefire-booter-3.5.2.jar:3.5.2]
	at org.apache.maven.surefire.booter.ForkedBooter.execute(ForkedBooter.java:162) ~[surefire-booter-3.5.2.jar:3.5.2]
	at org.apache.maven.surefire.booter.ForkedBooter.run(ForkedBooter.java:507) ~[surefire-booter-3.5.2.jar:3.5.2]
	at org.apache.maven.surefire.booter.ForkedBooter.main(ForkedBooter.java:495) ~[surefire-booter-3.5.2.jar:3.5.2]
Caused by: java.lang.NumberFormatException: For input string: "string"
	at java.base/java.lang.NumberFormatException.forInputString(NumberFormatException.java:67) ~[na:na]
	at java.base/java.lang.Integer.parseInt(Integer.java:668) ~[na:na]
	at java.base/java.lang.Integer.valueOf(Integer.java:999) ~[na:na]
	at org.springframework.util.NumberUtils.parseNumber(NumberUtils.java:201) ~[spring-core-6.2.2.jar:6.2.2]
	at org.springframework.beans.propertyeditors.CustomNumberEditor.setAsText(CustomNumberEditor.java:115) ~[spring-beans-6.2.2.jar:6.2.2]
	at org.springframework.beans.TypeConverterDelegate.doConvertTextValue(TypeConverterDelegate.java:439) ~[spring-beans-6.2.2.jar:6.2.2]
	at org.springframework.beans.TypeConverterDelegate.doConvertValue(TypeConverterDelegate.java:412) ~[spring-beans-6.2.2.jar:6.2.2]
	at org.springframework.beans.TypeConverterDelegate.convertIfNecessary(TypeConverterDelegate.java:161) ~[spring-beans-6.2.2.jar:6.2.2]
	at org.springframework.beans.TypeConverterSupport.convertIfNecessary(TypeConverterSupport.java:80) ~[spring-beans-6.2.2.jar:6.2.2]
	at org.springframework.beans.TypeConverterSupport.convertIfNecessary(TypeConverterSupport.java:53) ~[spring-beans-6.2.2.jar:6.2.2]
	at org.springframework.validation.DataBinder.convertIfNecessary(DataBinder.java:866) ~[spring-context-6.2.2.jar:6.2.2]
	at org.springframework.web.method.annotation.AbstractNamedValueMethodArgumentResolver.convertIfNecessary(AbstractNamedValueMethodArgumentResolver.java:293) ~[spring-web-6.2.2.jar:6.2.2]
	... 107 common frames omitted

]]></system-out>
  </testcase>
  <testcase name="addAmenitiesToHotel_ShouldReturnNoContent" classname="com.booking.controller.HotelControllerTest" time="1.375">
    <system-out><![CDATA[2025-02-16T18:08:04.170+03:00  INFO 12320 --- [booking] [           main] com.booking.controller.HotelController   : POST-request, addAmenitiesToHotel - start, hotelId = 1, amenities = [Free WiFi, Swimming Pool]
2025-02-16T18:08:04.172+03:00  INFO 12320 --- [booking] [           main] c.booking.facade.impl.AmenityFacadeImpl  : Adding amenities to hotel - start, hotelId = 1, amenities = [Free WiFi, Swimming Pool]
2025-02-16T18:08:04.175+03:00  INFO 12320 --- [booking] [           main] c.b.service.impl.AmenityServiceImpl      : Attempting to add amenities to hotel with ID: 1
Hibernate: 
    select
        h1_0.id,
        h1_0.address_id,
        ae1_0.id,
        ae1_0.house_number,
        ae1_0.post_code,
        ae1_0.street_id,
        s1_0.id,
        s1_0.city_id,
        c1_0.id,
        c1_0.country_id,
        c2_0.id,
        c2_0.name,
        c1_0.name,
        s1_0.name,
        h1_0.arrival_time_id,
        at1_0.id,
        at1_0.check_in,
        at1_0.check_out,
        h1_0.brand,
        h1_0.contact_id,
        c3_0.id,
        c3_0.email,
        c3_0.phone,
        h1_0.description,
        h1_0.name 
    from
        hotels h1_0 
    join
        addresses ae1_0 
            on ae1_0.id=h1_0.address_id 
    join
        streets s1_0 
            on s1_0.id=ae1_0.street_id 
    join
        cities c1_0 
            on c1_0.id=s1_0.city_id 
    join
        countries c2_0 
            on c2_0.id=c1_0.country_id 
    join
        arrival_times at1_0 
            on at1_0.id=h1_0.arrival_time_id 
    join
        contacts c3_0 
            on c3_0.id=h1_0.contact_id 
    where
        h1_0.id=?
2025-02-16T18:08:04.980+03:00  INFO 12320 --- [booking] [           main] c.b.service.impl.AmenityServiceImpl      : Found hotel: DoubleTree by Hilton Minsk
Hibernate: 
    select
        a1_0.id,
        a1_0.name 
    from
        amenities a1_0 
    where
        a1_0.name=?
2025-02-16T18:08:05.022+03:00  INFO 12320 --- [booking] [           main] c.b.service.impl.AmenityServiceImpl      : Amenity not found, creating new amenity: Free WiFi
Hibernate: 
    insert 
    into
        amenities
        (name, id) 
    values
        (?, default)
Hibernate: 
    select
        a1_0.hotel_id,
        a1_1.id,
        a1_1.name 
    from
        hotel_amenities a1_0 
    join
        amenities a1_1 
            on a1_1.id=a1_0.amenity_id 
    where
        a1_0.hotel_id=?
2025-02-16T18:08:05.164+03:00  INFO 12320 --- [booking] [           main] c.b.service.impl.AmenityServiceImpl      : Added amenity 'Free WiFi' to hotel 'DoubleTree by Hilton Minsk'
Hibernate: 
    select
        a1_0.id,
        a1_0.name 
    from
        amenities a1_0 
    where
        a1_0.name=?
2025-02-16T18:08:05.177+03:00  INFO 12320 --- [booking] [           main] c.b.service.impl.AmenityServiceImpl      : Amenity not found, creating new amenity: Swimming Pool
Hibernate: 
    insert 
    into
        amenities
        (name, id) 
    values
        (?, default)
2025-02-16T18:08:05.179+03:00  INFO 12320 --- [booking] [           main] c.b.service.impl.AmenityServiceImpl      : Added amenity 'Swimming Pool' to hotel 'DoubleTree by Hilton Minsk'
2025-02-16T18:08:05.185+03:00  INFO 12320 --- [booking] [           main] c.b.service.impl.AmenityServiceImpl      : Successfully added amenities to hotel: DoubleTree by Hilton Minsk
Hibernate: 
    insert 
    into
        hotel_amenities
        (hotel_id, amenity_id) 
    values
        (?, ?)
Hibernate: 
    insert 
    into
        hotel_amenities
        (hotel_id, amenity_id) 
    values
        (?, ?)
2025-02-16T18:08:05.205+03:00  INFO 12320 --- [booking] [           main] c.booking.facade.impl.AmenityFacadeImpl  : Adding amenities to hotel - end, hotelId = 1
2025-02-16T18:08:05.206+03:00  INFO 12320 --- [booking] [           main] com.booking.controller.HotelController   : POST-request, addAmenitiesToHotel - end, hotelId = 1
]]></system-out>
  </testcase>
  <testcase name="testGetHotelHistogramCity" classname="com.booking.controller.HotelControllerTest" time="0.252">
    <system-out><![CDATA[2025-02-16T18:08:05.282+03:00  INFO 12320 --- [booking] [           main] c.booking.facade.impl.HotelFacadeImpl    : GET-request, createHotel - start, newHotel = class NewHotel {
    name: DoubleTree by Hilton Minsk
    description: A great place to stay
    brand: Hilton
    address: class Address {
        houseNumber: 1
        street: Main St
        city: Warsaw
        country: Belarus
        postCode: 220000
    }
    contacts: class Contact {
        phone: +375291234567
        email: info@doubletree.com
    }
    arrivalTime: class ArrivalTime {
        checkIn: 14:00
        checkOut: 12:00
    }
}
Hibernate: 
    select
        c1_0.id,
        c1_0.name 
    from
        countries c1_0 
    where
        c1_0.name=?
Hibernate: 
    select
        c1_0.id,
        c1_0.country_id,
        c1_0.name 
    from
        cities c1_0 
    where
        c1_0.name=? 
        and c1_0.country_id=?
Hibernate: 
    select
        next value for city_sequence
Hibernate: 
    select
        next value for street_sequence
Hibernate: 
    select
        next value for address_sequence
Hibernate: 
    select
        next value for hotel_sequence
Hibernate: 
    select
        next value for arrival_sequence
Hibernate: 
    select
        next value for contact_sequence
Hibernate: 
    insert 
    into
        cities
        (country_id, name, id) 
    values
        (?, ?, ?)
Hibernate: 
    insert 
    into
        streets
        (city_id, name, id) 
    values
        (?, ?, ?)
Hibernate: 
    insert 
    into
        addresses
        (house_number, post_code, street_id, id) 
    values
        (?, ?, ?, ?)
Hibernate: 
    insert 
    into
        arrival_times
        (check_in, check_out, id) 
    values
        (?, ?, ?)
Hibernate: 
    insert 
    into
        contacts
        (email, phone, id) 
    values
        (?, ?, ?)
Hibernate: 
    insert 
    into
        hotels
        (address_id, arrival_time_id, brand, contact_id, description, name, id) 
    values
        (?, ?, ?, ?, ?, ?, ?)
2025-02-16T18:08:05.340+03:00  INFO 12320 --- [booking] [           main] c.booking.facade.impl.HotelFacadeImpl    : GET-request, createHotel - start, savedHotel = class HotelBrief {
    id: 2
    name: DoubleTree by Hilton Minsk
    description: A great place to stay
    brand: Hilton
    address: 1 Main St, Warsaw, 220000, Belarus
    phone: +375291234567
}
2025-02-16T18:08:05.364+03:00  INFO 12320 --- [booking] [           main] c.b.service.impl.HistogramServiceImpl    : Starting histogram generation for parameter: city
2025-02-16T18:08:05.367+03:00  INFO 12320 --- [booking] [           main] com.booking.enums.HistogramParam         : Executing method for parameter: city
Hibernate: 
    select
        c1_0.name,
        count(h1_0.id) 
    from
        hotels h1_0 
    join
        addresses ae1_0 
            on ae1_0.id=h1_0.address_id 
    join
        streets s1_0 
            on s1_0.id=ae1_0.street_id 
    join
        cities c1_0 
            on c1_0.id=s1_0.city_id 
    group by
        c1_0.name
2025-02-16T18:08:05.437+03:00  INFO 12320 --- [booking] [           main] com.booking.enums.HistogramParam         : Result for parameter city: [com.booking.entity.util.HotelCountDTO@6cd17c11, com.booking.entity.util.HotelCountDTO@1f953226]
]]></system-out>
  </testcase>
  <testcase name="getHotels_ShouldReturnListOfHotelBrief" classname="com.booking.controller.HotelControllerTest" time="0.1">
    <system-out><![CDATA[Hibernate: 
    select
        h1_0.id,
        h1_0.address_id,
        h1_0.arrival_time_id,
        h1_0.brand,
        h1_0.contact_id,
        h1_0.description,
        h1_0.name 
    from
        hotels h1_0 
    offset
        ? rows 
    fetch
        first ? rows only
Hibernate: 
    select
        ae1_0.id,
        ae1_0.house_number,
        ae1_0.post_code,
        ae1_0.street_id,
        s1_0.id,
        s1_0.city_id,
        c1_0.id,
        c1_0.country_id,
        c2_0.id,
        c2_0.name,
        c1_0.name,
        s1_0.name 
    from
        addresses ae1_0 
    join
        streets s1_0 
            on s1_0.id=ae1_0.street_id 
    join
        cities c1_0 
            on c1_0.id=s1_0.city_id 
    join
        countries c2_0 
            on c2_0.id=c1_0.country_id 
    where
        ae1_0.id=?
Hibernate: 
    select
        at1_0.id,
        at1_0.check_in,
        at1_0.check_out 
    from
        arrival_times at1_0 
    where
        at1_0.id=?
Hibernate: 
    select
        c1_0.id,
        c1_0.email,
        c1_0.phone 
    from
        contacts c1_0 
    where
        c1_0.id=?
Hibernate: 
    select
        ae1_0.id,
        ae1_0.house_number,
        ae1_0.post_code,
        ae1_0.street_id,
        s1_0.id,
        s1_0.city_id,
        c1_0.id,
        c1_0.country_id,
        c2_0.id,
        c2_0.name,
        c1_0.name,
        s1_0.name 
    from
        addresses ae1_0 
    join
        streets s1_0 
            on s1_0.id=ae1_0.street_id 
    join
        cities c1_0 
            on c1_0.id=s1_0.city_id 
    join
        countries c2_0 
            on c2_0.id=c1_0.country_id 
    where
        ae1_0.id=?
Hibernate: 
    select
        at1_0.id,
        at1_0.check_in,
        at1_0.check_out 
    from
        arrival_times at1_0 
    where
        at1_0.id=?
Hibernate: 
    select
        c1_0.id,
        c1_0.email,
        c1_0.phone 
    from
        contacts c1_0 
    where
        c1_0.id=?
]]></system-out>
  </testcase>
  <testcase name="getHotelById_ShouldReturnHotelDetail" classname="com.booking.controller.HotelControllerTest" time="0.255">
    <system-out><![CDATA[Hibernate: 
    select
        h1_0.id,
        h1_0.address_id,
        ae1_0.id,
        ae1_0.house_number,
        ae1_0.post_code,
        ae1_0.street_id,
        s1_0.id,
        s1_0.city_id,
        c1_0.id,
        c1_0.country_id,
        c2_0.id,
        c2_0.name,
        c1_0.name,
        s1_0.name,
        h1_0.arrival_time_id,
        at1_0.id,
        at1_0.check_in,
        at1_0.check_out,
        h1_0.brand,
        h1_0.contact_id,
        c3_0.id,
        c3_0.email,
        c3_0.phone,
        h1_0.description,
        h1_0.name 
    from
        hotels h1_0 
    join
        addresses ae1_0 
            on ae1_0.id=h1_0.address_id 
    join
        streets s1_0 
            on s1_0.id=ae1_0.street_id 
    join
        cities c1_0 
            on c1_0.id=s1_0.city_id 
    join
        countries c2_0 
            on c2_0.id=c1_0.country_id 
    join
        arrival_times at1_0 
            on at1_0.id=h1_0.arrival_time_id 
    join
        contacts c3_0 
            on c3_0.id=h1_0.contact_id 
    where
        h1_0.id=?
Hibernate: 
    select
        a1_0.hotel_id,
        a1_1.id,
        a1_1.name 
    from
        hotel_amenities a1_0 
    join
        amenities a1_1 
            on a1_1.id=a1_0.amenity_id 
    where
        a1_0.hotel_id=?
2025-02-16T18:08:05.851+03:00  INFO 12320 --- [booking] [           main] com.booking.controller.HotelController   : GET-request, getHotelById - end, response = <200 OK OK,class HotelDetail {
    id: 1
    name: DoubleTree by Hilton Minsk
    brand: Hilton
    address: class Address {
        houseNumber: 1
        street: Main St
        city: Minsk
        country: Belarus
        postCode: 220000
    }
    contacts: class Contact {
        phone: +375291234567
        email: info@doubletree.com
    }
    arrivalTime: class ArrivalTime {
        checkIn: 14:00:00
        checkOut: 12:00:00
    }
    amenities: [Free WiFi, Swimming Pool]
},[]>
]]></system-out>
  </testcase>
  <testcase name="testSearchHotels" classname="com.booking.controller.HotelControllerTest" time="0.135">
    <system-out><![CDATA[Hibernate: 
    select
        h1_0.id,
        h1_0.address_id,
        h1_0.arrival_time_id,
        h1_0.brand,
        h1_0.contact_id,
        h1_0.description,
        h1_0.name 
    from
        hotels h1_0 
    join
        addresses ae1_0 
            on ae1_0.id=h1_0.address_id 
    join
        streets s1_0 
            on s1_0.id=ae1_0.street_id 
    join
        cities c2_0 
            on c2_0.id=s1_0.city_id 
    join
        hotel_amenities a1_0 
            on h1_0.id=a1_0.hotel_id 
    join
        amenities a1_1 
            on a1_1.id=a1_0.amenity_id 
    where
        c2_0.name=? 
        and (
            a1_1.name=?
        )
Hibernate: 
    select
        ae1_0.id,
        ae1_0.house_number,
        ae1_0.post_code,
        ae1_0.street_id,
        s1_0.id,
        s1_0.city_id,
        c1_0.id,
        c1_0.country_id,
        c2_0.id,
        c2_0.name,
        c1_0.name,
        s1_0.name 
    from
        addresses ae1_0 
    join
        streets s1_0 
            on s1_0.id=ae1_0.street_id 
    join
        cities c1_0 
            on c1_0.id=s1_0.city_id 
    join
        countries c2_0 
            on c2_0.id=c1_0.country_id 
    where
        ae1_0.id=?
Hibernate: 
    select
        at1_0.id,
        at1_0.check_in,
        at1_0.check_out 
    from
        arrival_times at1_0 
    where
        at1_0.id=?
Hibernate: 
    select
        c1_0.id,
        c1_0.email,
        c1_0.phone 
    from
        contacts c1_0 
    where
        c1_0.id=?
]]></system-out>
  </testcase>
  <testcase name="testGetHotelHistogramAmenities" classname="com.booking.controller.HotelControllerTest" time="0.052">
    <system-out><![CDATA[2025-02-16T18:08:06.071+03:00  INFO 12320 --- [booking] [           main] c.b.service.impl.HistogramServiceImpl    : Starting histogram generation for parameter: amenities
2025-02-16T18:08:06.071+03:00  INFO 12320 --- [booking] [           main] com.booking.enums.HistogramParam         : Executing method for parameter: amenities
Hibernate: 
    select
        a1_1.name,
        count(h1_0.id) 
    from
        hotels h1_0 
    join
        hotel_amenities a1_0 
            on h1_0.id=a1_0.hotel_id 
    join
        amenities a1_1 
            on a1_1.id=a1_0.amenity_id 
    group by
        a1_1.name
2025-02-16T18:08:06.085+03:00  INFO 12320 --- [booking] [           main] com.booking.enums.HistogramParam         : Result for parameter amenities: [com.booking.entity.util.HotelCountDTO@678cf97e, com.booking.entity.util.HotelCountDTO@3b69ad19]
]]></system-out>
  </testcase>
</testsuite>